cuda
/zhome/31/8/154954/02456/Project
Training data loaded successfully!
True parms 0.0081 49.0 47.0 20.1 0.0106 0.0022 1.33 253.0 47.0 5.0
Epoch: 0, Data loss: 270623040.0000, ODE loss: 8273325.0000, Parameter loss: -0.0000
Epoch: 0, Adaptive data loss: 270623040.0000, Adaptive ODE loss: 8273325.0000, Adaptive parameter loss: -0.0000
Si: 0.00980, tau1: 47.00020, tau2: 47.00020, Ci: 18.00020, p2: 0.00030, GEZI: 0.00030, EGP0: 1.99980, Vg: 300.00021, taum: 50.00020, tausc: 6.00020
Test Error: 0.99
Epoch: 2000, Data loss: 17291.9473, ODE loss: 6125200.0000, Parameter loss: 1.7351
Epoch: 2000, Adaptive data loss: 17290.0261, Adaptive ODE loss: 0.0000, Adaptive parameter loss: 0.0002
Si: 0.00623, tau1: 47.05001, tau2: 47.01929, Ci: 18.05182, p2: 0.00000, GEZI: -0.01735, EGP0: 1.96335, Vg: 300.02383, taum: 50.02338, tausc: 6.02600
Test Error: 1.00
Epoch: 4000, Data loss: 16918.9570, ODE loss: 4631769.5000, Parameter loss: 2.1298
Epoch: 4000, Adaptive data loss: 16916.7391, Adaptive ODE loss: 1.4236, Adaptive parameter loss: 0.0003
Si: 0.00623, tau1: 47.07348, tau2: 47.02173, Ci: 18.07953, p2: 0.00000, GEZI: -0.02130, EGP0: 1.95526, Vg: 300.02411, taum: 50.02553, tausc: 6.03233
Test Error: 1.00
Epoch: 6000, Data loss: 16808.8887, ODE loss: 3335943.0000, Parameter loss: 2.2891
Epoch: 6000, Adaptive data loss: 16806.6453, Adaptive ODE loss: 0.0000, Adaptive parameter loss: 0.0003
Si: 0.00623, tau1: 47.09361, tau2: 47.02251, Ci: 18.10652, p2: 0.00000, GEZI: -0.02289, EGP0: 1.95199, Vg: 300.02411, taum: 50.02620, tausc: 6.03488
Test Error: 1.00
Epoch: 8000, Data loss: 16738.7578, ODE loss: 1889587.2500, Parameter loss: 2.3128
Epoch: 8000, Adaptive data loss: 16727.5968, Adaptive ODE loss: 989.4265, Adaptive parameter loss: 0.0003
Si: 0.00623, tau1: 47.11458, tau2: 47.02284, Ci: 18.14005, p2: 0.00000, GEZI: -0.02313, EGP0: 1.95147, Vg: 300.02411, taum: 50.02652, tausc: 6.03610
Test Error: 1.00
Epoch: 10000, Data loss: 18202.4531, ODE loss: 23444.5781, Parameter loss: 1.7622
Epoch: 10000, Adaptive data loss: 0.0000, Adaptive ODE loss: 23441.2663, Adaptive parameter loss: 0.0002
Si: 0.00624, tau1: 47.19335, tau2: 47.02375, Ci: 18.22449, p2: -0.00000, GEZI: -0.01759, EGP0: 1.93799, Vg: 300.03296, taum: 49.98648, tausc: 6.05376
Test Error: 1.01
Epoch: 12000, Data loss: 17915.7715, ODE loss: 1939.2521, Parameter loss: 2.4299
Epoch: 12000, Adaptive data loss: 0.0000, Adaptive ODE loss: 1932.6758, Adaptive parameter loss: 0.0082
Si: 0.00623, tau1: 47.31489, tau2: 47.01704, Ci: 18.23935, p2: -0.00002, GEZI: -0.02424, EGP0: 1.92256, Vg: 300.05896, taum: 50.34220, tausc: 6.07797
Test Error: 1.01
Epoch: 14000, Data loss: 18061.3398, ODE loss: 162.5167, Parameter loss: 2.5633
Epoch: 14000, Adaptive data loss: 0.0000, Adaptive ODE loss: 157.4427, Adaptive parameter loss: 0.0800
Si: 0.00617, tau1: 47.35129, tau2: 47.01711, Ci: 18.24117, p2: -0.00000, GEZI: -0.02560, EGP0: 1.91095, Vg: 300.08105, taum: 50.34812, tausc: 6.06857
Test Error: 1.01
Epoch: 16000, Data loss: 18079.4629, ODE loss: 124.4810, Parameter loss: 2.9262
Epoch: 16000, Adaptive data loss: 0.0000, Adaptive ODE loss: 117.3395, Adaptive parameter loss: 0.1679
Si: 0.00573, tau1: 47.35300, tau2: 47.02385, Ci: 18.23816, p2: 0.00000, GEZI: -0.02923, EGP0: 1.89865, Vg: 300.10001, taum: 50.30574, tausc: 6.13073
Test Error: 1.01
Epoch: 18000, Data loss: 18015.5762, ODE loss: 97.5731, Parameter loss: 3.1537
Epoch: 18000, Adaptive data loss: 0.0000, Adaptive ODE loss: 91.2326, Adaptive parameter loss: 0.2049
Si: 0.00510, tau1: 47.35052, tau2: 47.04398, Ci: 18.23465, p2: 0.00003, GEZI: -0.03151, EGP0: 1.88905, Vg: 300.11563, taum: 50.27264, tausc: 6.25015
Test Error: 1.01
Epoch: 20000, Data loss: 17881.8418, ODE loss: 75.7865, Parameter loss: 3.1627
Epoch: 20000, Adaptive data loss: 0.0000, Adaptive ODE loss: 71.0583, Adaptive parameter loss: 0.1973
Si: 0.00514, tau1: 47.34066, tau2: 47.09576, Ci: 18.23202, p2: 0.00009, GEZI: -0.03158, EGP0: 1.88250, Vg: 300.12762, taum: 50.24259, tausc: 6.42483
Test Error: 1.01
Epoch: 22000, Data loss: 17948.6074, ODE loss: 55.1691, Parameter loss: 3.2600
Epoch: 22000, Adaptive data loss: 0.0000, Adaptive ODE loss: 49.5214, Adaptive parameter loss: 0.3337
Si: 0.00347, tau1: 47.31990, tau2: 47.19827, Ci: 18.23163, p2: 0.00000, GEZI: -0.03257, EGP0: 1.87570, Vg: 300.14038, taum: 50.22130, tausc: 6.61800
Test Error: 1.01
Epoch: 24000, Data loss: 41291.5547, ODE loss: 253.4109, Parameter loss: 2.7995
Epoch: 24000, Adaptive data loss: 0.0000, Adaptive ODE loss: 253.3124, Adaptive parameter loss: 0.0011
Si: 0.00331, tau1: 47.28499, tau2: 47.37197, Ci: 18.22804, p2: 0.00003, GEZI: -0.02797, EGP0: 1.87517, Vg: 300.14914, taum: 50.20998, tausc: 6.81812
Test Error: 1.01
Epoch: 26000, Data loss: 17171.5547, ODE loss: 17.3864, Parameter loss: 2.7127
Epoch: 26000, Adaptive data loss: 0.0000, Adaptive ODE loss: 14.7601, Adaptive parameter loss: 0.4098
Si: 0.00247, tau1: 47.26080, tau2: 47.54211, Ci: 18.22758, p2: 0.00004, GEZI: -0.02712, EGP0: 1.87220, Vg: 300.15369, taum: 50.21344, tausc: 6.95692
Test Error: 1.01
Epoch: 28000, Data loss: 17597.4883, ODE loss: 13.8234, Parameter loss: 2.5415
Epoch: 28000, Adaptive data loss: 0.0000, Adaptive ODE loss: 10.8592, Adaptive parameter loss: 0.5450
Si: 0.00119, tau1: 47.25215, tau2: 47.71582, Ci: 18.22608, p2: 0.00111, GEZI: -0.02539, EGP0: 1.86831, Vg: 300.15964, taum: 50.22080, tausc: 7.14425
Test Error: 1.01
Epoch: 30000, Data loss: 17099.2773, ODE loss: 6.2757, Parameter loss: 2.3381
Epoch: 30000, Adaptive data loss: 0.0000, Adaptive ODE loss: 4.5554, Adaptive parameter loss: 0.6409
Si: 0.00116, tau1: 47.27950, tau2: 47.71906, Ci: 18.22468, p2: 0.00075, GEZI: -0.02337, EGP0: 1.86391, Vg: 300.16827, taum: 50.23569, tausc: 7.27844
Test Error: 1.01
Epoch: 32000, Data loss: 23222.3672, ODE loss: 12.4655, Parameter loss: 2.1746
Epoch: 32000, Adaptive data loss: 0.0000, Adaptive ODE loss: 10.0818, Adaptive parameter loss: 0.4158
Si: 0.00117, tau1: 47.33375, tau2: 47.75424, Ci: 18.22389, p2: 0.00004, GEZI: -0.02168, EGP0: 1.85592, Vg: 300.19418, taum: 50.26730, tausc: 7.39026
Test Error: 1.01
Epoch: 34000, Data loss: 21448.8184, ODE loss: 46.6714, Parameter loss: 1.9084
Epoch: 34000, Adaptive data loss: 0.0000, Adaptive ODE loss: 44.3508, Adaptive parameter loss: 0.0949
Si: 0.00110, tau1: 47.36094, tau2: 47.76715, Ci: 18.22534, p2: 0.00001, GEZI: -0.01903, EGP0: 1.84988, Vg: 300.20523, taum: 50.27953, tausc: 7.51370
Test Error: 1.01
Epoch: 36000, Data loss: 70624.4531, ODE loss: 7.4231, Parameter loss: 1.8348
Epoch: 36000, Adaptive data loss: 70624.4531, Adaptive ODE loss: 0.0000, Adaptive parameter loss: 0.0000
Si: 0.00108, tau1: 47.41652, tau2: 47.79628, Ci: 18.22521, p2: 0.00000, GEZI: -0.01825, EGP0: 1.84168, Vg: 300.21738, taum: 50.30002, tausc: 7.70647
Test Error: 1.01
Epoch: 38000, Data loss: 23933.9219, ODE loss: 101.1571, Parameter loss: 1.7906
Epoch: 38000, Adaptive data loss: 0.0000, Adaptive ODE loss: 99.4915, Adaptive parameter loss: 0.0295
Si: 0.00077, tau1: 47.49876, tau2: 47.84471, Ci: 18.22567, p2: 0.00001, GEZI: -0.01797, EGP0: 1.83258, Vg: 300.22925, taum: 50.32488, tausc: 7.93404
Test Error: 1.01
Epoch: 40000, Data loss: 26816.0977, ODE loss: 131.8857, Parameter loss: 1.7710
Epoch: 40000, Adaptive data loss: 0.0000, Adaptive ODE loss: 131.3797, Adaptive parameter loss: 0.0068
Si: 0.00051, tau1: 47.54352, tau2: 47.89377, Ci: 18.22808, p2: 0.00005, GEZI: -0.01779, EGP0: 1.82324, Vg: 300.23907, taum: 50.34359, tausc: 8.19460
Test Error: 1.01
Epoch: 42000, Data loss: 24127.3359, ODE loss: 167.1134, Parameter loss: 1.6780
Epoch: 42000, Adaptive data loss: 0.0000, Adaptive ODE loss: 166.6910, Adaptive parameter loss: 0.0042
Si: 0.00190, tau1: 47.62385, tau2: 47.93665, Ci: 18.22873, p2: -0.00000, GEZI: -0.01685, EGP0: 1.81373, Vg: 300.24567, taum: 50.35928, tausc: 8.42045
Test Error: 1.01
Epoch: 44000, Data loss: 25371.0938, ODE loss: 29.0833, Parameter loss: 1.6682
Epoch: 44000, Adaptive data loss: 0.0000, Adaptive ODE loss: 27.3417, Adaptive parameter loss: 0.0999
Si: 0.00185, tau1: 47.69994, tau2: 47.98370, Ci: 18.23316, p2: 0.00000, GEZI: -0.01677, EGP0: 1.80242, Vg: 300.25311, taum: 50.37340, tausc: 8.61952
Test Error: 1.01
Epoch: 46000, Data loss: 95012.7891, ODE loss: 5.2427, Parameter loss: 1.5837
Epoch: 46000, Adaptive data loss: 95012.7891, Adaptive ODE loss: 0.0000, Adaptive parameter loss: 0.0000
Si: 0.00114, tau1: 47.78252, tau2: 48.03538, Ci: 18.23298, p2: 0.00002, GEZI: -0.01601, EGP0: 1.79149, Vg: 300.26178, taum: 50.38752, tausc: 8.81636
Test Error: 1.01
Epoch: 48000, Data loss: 30192.0586, ODE loss: 0.9598, Parameter loss: 1.5474
Epoch: 48000, Adaptive data loss: 0.0000, Adaptive ODE loss: 0.3293, Adaptive parameter loss: 1.0164
Si: 0.00037, tau1: 47.79872, tau2: 48.08911, Ci: 18.23287, p2: 0.00000, GEZI: -0.01548, EGP0: 1.77812, Vg: 300.27658, taum: 50.39822, tausc: 9.01882
Test Error: 1.01
Epoch: 50000, Data loss: 54710.1328, ODE loss: 2.4668, Parameter loss: 1.5327
Epoch: 50000, Adaptive data loss: 54710.1328, Adaptive ODE loss: 0.0000, Adaptive parameter loss: 0.0000
Si: 0.00016, tau1: 47.86775, tau2: 48.16287, Ci: 18.23299, p2: 0.00019, GEZI: -0.01545, EGP0: 1.76325, Vg: 300.29245, taum: 50.41071, tausc: 9.21190
Test Error: 1.01
Epoch: 52000, Data loss: 32383.1797, ODE loss: 1.3447, Parameter loss: 1.5022
Epoch: 52000, Adaptive data loss: 0.0000, Adaptive ODE loss: 0.5154, Adaptive parameter loss: 0.9264
Si: 0.00015, tau1: 47.93076, tau2: 48.22195, Ci: 18.23288, p2: 0.00003, GEZI: -0.01503, EGP0: 1.74875, Vg: 300.30939, taum: 50.42806, tausc: 9.42257
Test Error: 1.01
Epoch: 54000, Data loss: 41895.5234, ODE loss: 7.2486, Parameter loss: 1.4302
Epoch: 54000, Adaptive data loss: 0.0000, Adaptive ODE loss: 5.9096, Adaptive parameter loss: 0.2642
Si: 0.00011, tau1: 47.93771, tau2: 48.23512, Ci: 18.23304, p2: 0.00001, GEZI: -0.01434, EGP0: 1.73145, Vg: 300.32962, taum: 50.43402, tausc: 9.54700
Test Error: 1.01
Epoch: 56000, Data loss: 25786.9805, ODE loss: 180.5334, Parameter loss: 1.4164
Epoch: 56000, Adaptive data loss: 0.0000, Adaptive ODE loss: 180.2979, Adaptive parameter loss: 0.0018
Si: 0.00007, tau1: 48.00006, tau2: 48.31788, Ci: 18.23363, p2: 0.00001, GEZI: -0.01427, EGP0: 1.71450, Vg: 300.34967, taum: 50.44556, tausc: 9.72555
Test Error: 1.01
Epoch: 58000, Data loss: 50403.5078, ODE loss: 6.3005, Parameter loss: 1.3566
Epoch: 58000, Adaptive data loss: 0.0000, Adaptive ODE loss: 4.8979, Adaptive parameter loss: 0.3020
Si: 0.00003, tau1: 48.01989, tau2: 48.35545, Ci: 18.23288, p2: 0.00114, GEZI: -0.01365, EGP0: 1.69985, Vg: 300.36890, taum: 50.45138, tausc: 9.87298
Test Error: 1.01
Epoch: 60000, Data loss: 99798.0781, ODE loss: 2.5019, Parameter loss: 1.4361
Epoch: 60000, Adaptive data loss: 99798.0781, Adaptive ODE loss: 0.0000, Adaptive parameter loss: 0.0000
Si: 0.00003, tau1: 48.08004, tau2: 48.43888, Ci: 18.23290, p2: 0.00110, GEZI: -0.01445, EGP0: 1.68274, Vg: 300.38910, taum: 50.46231, tausc: 9.98508
Test Error: 1.01
Epoch: 62000, Data loss: 77564.0938, ODE loss: 1.9478, Parameter loss: 1.4206
Epoch: 62000, Adaptive data loss: 77564.0937, Adaptive ODE loss: 0.0000, Adaptive parameter loss: 0.0000
Si: 0.00003, tau1: 48.08738, tau2: 48.46826, Ci: 18.23290, p2: 0.00047, GEZI: -0.01430, EGP0: 1.66466, Vg: 300.40485, taum: 50.47272, tausc: 10.12245
Test Error: 1.01
Epoch: 64000, Data loss: 22691.8828, ODE loss: 1.0810, Parameter loss: 1.4302
Epoch: 64000, Adaptive data loss: 0.0000, Adaptive ODE loss: 0.4912, Adaptive parameter loss: 0.7804
Si: 0.00004, tau1: 48.14500, tau2: 48.56571, Ci: 18.23291, p2: 0.00042, GEZI: -0.01434, EGP0: 1.64818, Vg: 300.42203, taum: 50.48016, tausc: 10.30041
Test Error: 1.01
Epoch: 66000, Data loss: 24284.8281, ODE loss: 47.3671, Parameter loss: 1.4028
Epoch: 66000, Adaptive data loss: 0.0000, Adaptive ODE loss: 2.2409, Adaptive parameter loss: 1.3365
Si: 0.00013, tau1: 48.18427, tau2: 48.62044, Ci: 18.23301, p2: 0.00026, GEZI: -0.01402, EGP0: 1.63216, Vg: 300.43604, taum: 50.48557, tausc: 10.45733
Test Error: 1.01
Epoch: 68000, Data loss: 24872.7070, ODE loss: 24.6065, Parameter loss: 1.4479
Epoch: 68000, Adaptive data loss: 0.0000, Adaptive ODE loss: 23.1187, Adaptive parameter loss: 0.0875
Si: 0.00011, tau1: 48.25572, tau2: 48.71465, Ci: 18.23347, p2: 0.00006, GEZI: -0.01438, EGP0: 1.61638, Vg: 300.44891, taum: 50.47785, tausc: 10.61591
Test Error: 1.01
Epoch: 70000, Data loss: 21385.5508, ODE loss: 4.4820, Parameter loss: 1.3905
Epoch: 70000, Adaptive data loss: 0.0000, Adaptive ODE loss: 3.2804, Adaptive parameter loss: 0.3728
Si: 0.00016, tau1: 48.25309, tau2: 48.75216, Ci: 18.23359, p2: 0.00004, GEZI: -0.01395, EGP0: 1.60449, Vg: 300.45111, taum: 50.53063, tausc: 10.83040
Test Error: 1.01
Epoch: 72000, Data loss: 35336.6328, ODE loss: 5.9800, Parameter loss: 1.4798
Epoch: 72000, Adaptive data loss: 0.0000, Adaptive ODE loss: 5.0648, Adaptive parameter loss: 0.2265
Si: 0.00016, tau1: 48.28041, tau2: 48.82054, Ci: 18.23359, p2: 0.00001, GEZI: -0.01469, EGP0: 1.58939, Vg: 300.48877, taum: 50.56347, tausc: 10.95875
Test Error: 1.01
Epoch: 74000, Data loss: 26848.0664, ODE loss: 169.6581, Parameter loss: 1.3098
Epoch: 74000, Adaptive data loss: 0.0000, Adaptive ODE loss: 169.4734, Adaptive parameter loss: 0.0014
Si: 0.00012, tau1: 48.31603, tau2: 48.90650, Ci: 18.23479, p2: 0.00000, GEZI: -0.01314, EGP0: 1.57563, Vg: 300.50607, taum: 50.57607, tausc: 11.11714
Test Error: 1.01
Epoch: 76000, Data loss: 56698.0391, ODE loss: 129.8497, Parameter loss: 1.3322
Epoch: 76000, Adaptive data loss: 56698.0391, Adaptive ODE loss: 0.0000, Adaptive parameter loss: 0.0000
Si: 0.00007, tau1: 48.33932, tau2: 48.98243, Ci: 18.23247, p2: 0.00089, GEZI: -0.01331, EGP0: 1.56080, Vg: 300.52048, taum: 50.60218, tausc: 11.28083
Test Error: 1.01
Epoch: 78000, Data loss: 23378.5547, ODE loss: 3.2916, Parameter loss: 1.3666
Epoch: 78000, Adaptive data loss: 0.0000, Adaptive ODE loss: 2.6319, Adaptive parameter loss: 0.2739
Si: 0.00006, tau1: 48.36697, tau2: 49.00501, Ci: 18.23375, p2: 0.00081, GEZI: -0.01362, EGP0: 1.54531, Vg: 300.52783, taum: 50.60697, tausc: 11.43849
Test Error: 1.01
Epoch: 80000, Data loss: 30287.5195, ODE loss: 4.6652, Parameter loss: 1.3691
Epoch: 80000, Adaptive data loss: 0.0000, Adaptive ODE loss: 3.9143, Adaptive parameter loss: 0.2204
Si: 0.00006, tau1: 48.43028, tau2: 49.06354, Ci: 18.23376, p2: 0.00039, GEZI: -0.01363, EGP0: 1.53168, Vg: 300.53592, taum: 50.61295, tausc: 11.60346
Test Error: 1.01
Epoch: 82000, Data loss: 19821.7617, ODE loss: 115.6398, Parameter loss: 1.2706
Epoch: 82000, Adaptive data loss: 0.0000, Adaptive ODE loss: 114.8460, Adaptive parameter loss: 0.0087
Si: 0.00008, tau1: 48.44643, tau2: 49.13727, Ci: 18.23269, p2: 0.00008, GEZI: -0.01271, EGP0: 1.52013, Vg: 300.54160, taum: 50.61847, tausc: 11.78926
Test Error: 1.01
Epoch: 84000, Data loss: 62216.2812, ODE loss: 98.2769, Parameter loss: 1.2895
Epoch: 84000, Adaptive data loss: 62216.2812, Adaptive ODE loss: 0.0000, Adaptive parameter loss: 0.0000
Si: 0.00009, tau1: 48.47124, tau2: 49.22672, Ci: 18.23561, p2: 0.00001, GEZI: -0.01280, EGP0: 1.50655, Vg: 300.54404, taum: 50.62613, tausc: 12.00096
Test Error: 1.01
Epoch: 86000, Data loss: 64000.5391, ODE loss: 3.7569, Parameter loss: 1.2478
Epoch: 86000, Adaptive data loss: 64000.5391, Adaptive ODE loss: 0.0000, Adaptive parameter loss: 0.0000
Si: 0.00010, tau1: 48.49510, tau2: 49.31529, Ci: 18.23506, p2: 0.00002, GEZI: -0.01248, EGP0: 1.49487, Vg: 300.53925, taum: 50.63181, tausc: 12.17931
Test Error: 1.01
Epoch: 88000, Data loss: 62959.3281, ODE loss: 8.7162, Parameter loss: 1.2441
Epoch: 88000, Adaptive data loss: 62959.3281, Adaptive ODE loss: 0.0000, Adaptive parameter loss: 0.0000
Si: 0.00012, tau1: 48.54233, tau2: 49.42374, Ci: 18.23551, p2: 0.00001, GEZI: -0.01229, EGP0: 1.48082, Vg: 300.51074, taum: 50.62614, tausc: 12.30444
Test Error: 1.01
Epoch: 90000, Data loss: 19311.6836, ODE loss: 5.0773, Parameter loss: 1.2502
Epoch: 90000, Adaptive data loss: 19311.6836, Adaptive ODE loss: 0.0000, Adaptive parameter loss: 0.0000
Si: 0.00002, tau1: 48.55231, tau2: 49.47742, Ci: 18.23481, p2: 0.00072, GEZI: -0.01251, EGP0: 1.47378, Vg: 300.48386, taum: 50.62899, tausc: 12.41660
Test Error: 1.01
Epoch: 92000, Data loss: 27651.6641, ODE loss: 1.9911, Parameter loss: 1.2390
Epoch: 92000, Adaptive data loss: 27651.6641, Adaptive ODE loss: 0.0000, Adaptive parameter loss: 0.0000
Si: 0.00003, tau1: 48.58157, tau2: 49.55284, Ci: 18.23473, p2: 0.00016, GEZI: -0.01243, EGP0: 1.46085, Vg: 300.43250, taum: 50.63079, tausc: 12.45869
Test Error: 1.01
Epoch: 94000, Data loss: 21444.7305, ODE loss: 2.6770, Parameter loss: 1.1866
Epoch: 94000, Adaptive data loss: 0.0000, Adaptive ODE loss: 1.7060, Adaptive parameter loss: 0.4304
Si: 0.00003, tau1: 48.61107, tau2: 49.67260, Ci: 18.23460, p2: 0.00011, GEZI: -0.01180, EGP0: 1.44432, Vg: 300.41510, taum: 50.63348, tausc: 12.62872
Test Error: 1.01
Epoch: 96000, Data loss: 74095.4141, ODE loss: 1.1692, Parameter loss: 1.2272
Epoch: 96000, Adaptive data loss: 74095.4141, Adaptive ODE loss: 0.0000, Adaptive parameter loss: 0.0000
Si: 0.00004, tau1: 48.65575, tau2: 49.72748, Ci: 18.23444, p2: 0.00021, GEZI: -0.01238, EGP0: 1.42852, Vg: 300.40924, taum: 50.63691, tausc: 12.78860
Test Error: 1.01
Epoch: 98000, Data loss: 24147.0332, ODE loss: 0.9079, Parameter loss: 1.2196
Epoch: 98000, Adaptive data loss: 0.0000, Adaptive ODE loss: 0.4267, Adaptive parameter loss: 0.6464
Si: 0.00003, tau1: 48.69129, tau2: 49.74418, Ci: 18.23465, p2: 0.00003, GEZI: -0.01223, EGP0: 1.41201, Vg: 300.40918, taum: 50.63791, tausc: 12.93960
Test Error: 1.01
Epoch: 0, Data loss: 28020212.0000, ODE loss: 8663996.0000, Parameter loss: -0.0000
Epoch: 0, Adaptive data loss: 28020212.0000, Adaptive ODE loss: 8663996.0000, Adaptive parameter loss: -0.0000
Si: 0.00980, tau1: 47.00020, tau2: 47.00020, Ci: 18.00020, p2: 0.00030, GEZI: 0.00030, EGP0: 1.99980, Vg: 300.00021, taum: 50.00020, tausc: 6.00020
Test Error: 0.99
Epoch: 2000, Data loss: 17292.5312, ODE loss: 3940040.2500, Parameter loss: 2.2937
Epoch: 2000, Adaptive data loss: 17290.0056, Adaptive ODE loss: 0.0000, Adaptive parameter loss: 0.0003
Si: 0.00067, tau1: 47.05712, tau2: 47.02391, Ci: 18.06207, p2: -0.00115, GEZI: -0.02178, EGP0: 1.97021, Vg: 300.02060, taum: 50.01913, tausc: 6.01774
Test Error: 1.00
Epoch: 4000, Data loss: 16797.3945, ODE loss: 3055292.2500, Parameter loss: 2.3311
Epoch: 4000, Adaptive data loss: 16713.6301, Adaptive ODE loss: 14795.0674, Adaptive parameter loss: 0.0003
Si: 0.00078, tau1: 47.06635, tau2: 47.02393, Ci: 18.07513, p2: -0.00115, GEZI: -0.02216, EGP0: 1.96979, Vg: 300.02060, taum: 50.01914, tausc: 6.01861
Test Error: 1.00
Epoch: 6000, Data loss: 16749.5273, ODE loss: 1894537.5000, Parameter loss: 2.3707
Epoch: 6000, Adaptive data loss: 16747.1285, Adaptive ODE loss: 0.0000, Adaptive parameter loss: 0.0003
Si: 0.00093, tau1: 47.07762, tau2: 47.02396, Ci: 18.09371, p2: -0.00115, GEZI: -0.02256, EGP0: 1.96933, Vg: 300.02060, taum: 50.01917, tausc: 6.01956
Test Error: 1.00
Epoch: 8000, Data loss: 16793.1445, ODE loss: 361599.3750, Parameter loss: 2.1783
Epoch: 8000, Adaptive data loss: 16790.9161, Adaptive ODE loss: 0.9331, Adaptive parameter loss: 0.0003
Si: 0.00132, tau1: 47.10386, tau2: 47.02444, Ci: 18.13373, p2: -0.00109, GEZI: -0.02069, EGP0: 1.96816, Vg: 300.02423, taum: 50.01823, tausc: 6.02126
Test Error: 1.01
Epoch: 10000, Data loss: 16736.7461, ODE loss: 77467.7344, Parameter loss: 2.1744
Epoch: 10000, Adaptive data loss: 16313.3357, Adaptive ODE loss: 1949.7707, Adaptive parameter loss: 0.0003
Si: 0.00147, tau1: 47.11199, tau2: 47.02444, Ci: 18.15624, p2: -0.00110, GEZI: -0.02065, EGP0: 1.96793, Vg: 300.02423, taum: 50.01485, tausc: 6.02126
Test Error: 1.01
Epoch: 12000, Data loss: 16833.9648, ODE loss: 2224.3909, Parameter loss: 3.0983
Epoch: 12000, Adaptive data loss: 15483.0517, Adaptive ODE loss: 178.1283, Adaptive parameter loss: 0.0005
Si: 0.00353, tau1: 47.16378, tau2: 47.02122, Ci: 18.18022, p2: -0.00043, GEZI: -0.03055, EGP0: 1.94277, Vg: 300.05072, taum: 50.19937, tausc: 6.02158
Test Error: 1.01
Epoch: 14000, Data loss: 16725.0762, ODE loss: 260.4767, Parameter loss: 3.2989
Epoch: 14000, Adaptive data loss: 16478.7501, Adaptive ODE loss: 3.7878, Adaptive parameter loss: 0.0006
Si: 0.00380, tau1: 47.16629, tau2: 47.02122, Ci: 18.18022, p2: -0.00043, GEZI: -0.03256, EGP0: 1.94036, Vg: 300.05072, taum: 50.21412, tausc: 6.02063
Test Error: 1.01
Epoch: 16000, Data loss: 19406.5195, ODE loss: 167.2946, Parameter loss: 3.3403
Epoch: 16000, Adaptive data loss: 0.0000, Adaptive ODE loss: 162.4032, Adaptive parameter loss: 0.0977
Si: 0.00345, tau1: 47.16715, tau2: 47.02879, Ci: 18.17497, p2: -0.00004, GEZI: -0.03336, EGP0: 1.93868, Vg: 300.05286, taum: 50.21501, tausc: 6.02691
Test Error: 1.01
Epoch: 18000, Data loss: 16991.2305, ODE loss: 197.9544, Parameter loss: 3.2754
Epoch: 18000, Adaptive data loss: 16793.2084, Adaptive ODE loss: 2.2695, Adaptive parameter loss: 0.0006
Si: 0.00330, tau1: 47.15078, tau2: 47.02838, Ci: 18.16735, p2: -0.00022, GEZI: -0.03253, EGP0: 1.93585, Vg: 300.05396, taum: 50.21448, tausc: 6.03120
Test Error: 1.01
Epoch: 20000, Data loss: 16726.9453, ODE loss: 195.1606, Parameter loss: 3.3702
Epoch: 20000, Adaptive data loss: 16527.9402, Adaptive ODE loss: 2.2824, Adaptive parameter loss: 0.0007
Si: 0.00321, tau1: 47.14905, tau2: 47.02838, Ci: 18.16735, p2: -0.00008, GEZI: -0.03362, EGP0: 1.93449, Vg: 300.05396, taum: 50.21340, tausc: 6.03022
Test Error: 1.01
Epoch: 22000, Data loss: 16610.9824, ODE loss: 119.5021, Parameter loss: 3.3999
Epoch: 22000, Adaptive data loss: 16489.7398, Adaptive ODE loss: 0.8483, Adaptive parameter loss: 0.0007
Si: 0.00318, tau1: 47.14037, tau2: 47.02838, Ci: 18.16735, p2: 0.00001, GEZI: -0.03400, EGP0: 1.93358, Vg: 300.05396, taum: 50.20577, tausc: 6.02894
Test Error: 1.01
Epoch: 24000, Data loss: 16614.5117, ODE loss: 55.3608, Parameter loss: 3.1865
Epoch: 24000, Adaptive data loss: 16555.2192, Adaptive ODE loss: 0.1868, Adaptive parameter loss: 0.0006
Si: 0.00354, tau1: 47.15186, tau2: 47.06739, Ci: 18.16727, p2: 0.00032, GEZI: -0.03187, EGP0: 1.93274, Vg: 300.06131, taum: 50.21093, tausc: 6.06060
Test Error: 1.01
Epoch: 26000, Data loss: 16739.4258, ODE loss: 91.3746, Parameter loss: 2.8701
Epoch: 26000, Adaptive data loss: 16642.2752, Adaptive ODE loss: 0.5141, Adaptive parameter loss: 0.0005
Si: 0.00333, tau1: 47.07998, tau2: 47.07764, Ci: 18.16493, p2: -0.00007, GEZI: -0.02863, EGP0: 1.93053, Vg: 300.06903, taum: 50.21565, tausc: 6.10296
Test Error: 1.01
Epoch: 28000, Data loss: 16588.9668, ODE loss: 78.3486, Parameter loss: 2.8907
Epoch: 28000, Adaptive data loss: 16510.6326, Adaptive ODE loss: 0.3568, Adaptive parameter loss: 0.0005
Si: 0.00332, tau1: 47.07998, tau2: 47.07764, Ci: 18.16493, p2: 0.00002, GEZI: -0.02891, EGP0: 1.93022, Vg: 300.06903, taum: 50.21565, tausc: 6.10296
Test Error: 1.01
Epoch: 30000, Data loss: 16546.0156, ODE loss: 28.7303, Parameter loss: 2.5546
Epoch: 30000, Adaptive data loss: 16514.6632, Adaptive ODE loss: 0.0500, Adaptive parameter loss: 0.0004
Si: 0.00283, tau1: 47.06715, tau2: 47.08484, Ci: 18.16482, p2: 0.00026, GEZI: -0.02555, EGP0: 1.93114, Vg: 300.07431, taum: 50.21995, tausc: 6.11972
Test Error: 1.01
Epoch: 32000, Data loss: 16531.7422, ODE loss: 43.1092, Parameter loss: 2.3113
Epoch: 32000, Adaptive data loss: 16487.0382, Adaptive ODE loss: 0.1106, Adaptive parameter loss: 0.0003
Si: 0.00378, tau1: 47.10149, tau2: 47.13676, Ci: 18.16452, p2: -0.00000, GEZI: -0.02311, EGP0: 1.93251, Vg: 300.08032, taum: 50.22818, tausc: 6.15519
Test Error: 1.01
Epoch: 34000, Data loss: 16510.4688, ODE loss: 25.5489, Parameter loss: 2.3118
Epoch: 34000, Adaptive data loss: 16483.6647, Adaptive ODE loss: 0.0380, Adaptive parameter loss: 0.0003
Si: 0.00378, tau1: 47.10149, tau2: 47.13676, Ci: 18.16452, p2: 0.00000, GEZI: -0.02312, EGP0: 1.93247, Vg: 300.08032, taum: 50.22818, tausc: 6.15519
Test Error: 1.01
Epoch: 36000, Data loss: 16496.6367, ODE loss: 20.4457, Parameter loss: 2.3735
Epoch: 36000, Adaptive data loss: 16473.0302, Adaptive ODE loss: 0.0262, Adaptive parameter loss: 0.0004
Si: 0.00368, tau1: 47.10049, tau2: 47.13676, Ci: 18.16458, p2: 0.00000, GEZI: -0.02374, EGP0: 1.93133, Vg: 300.08139, taum: 50.23032, tausc: 6.15505
Test Error: 1.01
Epoch: 38000, Data loss: 16505.5391, ODE loss: 107.6630, Parameter loss: 2.7132
Epoch: 38000, Adaptive data loss: 16400.0146, Adaptive ODE loss: 0.6714, Adaptive parameter loss: 0.0004
Si: 0.00248, tau1: 47.06407, tau2: 47.22334, Ci: 18.16500, p2: 0.00193, GEZI: -0.02713, EGP0: 1.92537, Vg: 300.09918, taum: 50.26205, tausc: 6.20814
Test Error: 1.01
Epoch: 40000, Data loss: 16497.4062, ODE loss: 85.5850, Parameter loss: 2.7252
Epoch: 40000, Adaptive data loss: 16407.8582, Adaptive ODE loss: 0.4502, Adaptive parameter loss: 0.0005
Si: 0.00241, tau1: 47.06407, tau2: 47.22334, Ci: 18.16500, p2: 0.00192, GEZI: -0.02725, EGP0: 1.92513, Vg: 300.09918, taum: 50.26205, tausc: 6.20814
Test Error: 1.01
Epoch: 42000, Data loss: 16487.6758, ODE loss: 64.8509, Parameter loss: 2.7185
Epoch: 42000, Adaptive data loss: 16420.0043, Adaptive ODE loss: 0.2554, Adaptive parameter loss: 0.0005
Si: 0.00228, tau1: 47.06407, tau2: 47.22334, Ci: 18.16500, p2: 0.00190, GEZI: -0.02719, EGP0: 1.92505, Vg: 300.09918, taum: 50.26205, tausc: 6.20814
Test Error: 1.01
Epoch: 44000, Data loss: 57648.9180, ODE loss: 135.0517, Parameter loss: 2.7026
Epoch: 44000, Adaptive data loss: 0.0000, Adaptive ODE loss: 0.0001, Adaptive parameter loss: 2.7026
Si: 0.00154, tau1: 47.06897, tau2: 47.23105, Ci: 18.16481, p2: 0.00046, GEZI: -0.02743, EGP0: 1.92416, Vg: 300.10059, taum: 50.26229, tausc: 6.21472
Test Error: 1.01
Epoch: 46000, Data loss: 16474.4531, ODE loss: 98.5503, Parameter loss: 2.6473
Epoch: 46000, Adaptive data loss: 16375.0194, Adaptive ODE loss: 0.5792, Adaptive parameter loss: 0.0004
Si: 0.00229, tau1: 47.09885, tau2: 47.26642, Ci: 18.16377, p2: 0.00000, GEZI: -0.02647, EGP0: 1.92434, Vg: 300.10443, taum: 50.27119, tausc: 6.24493
Test Error: 1.01
Epoch: 48000, Data loss: 16490.4902, ODE loss: 141.1336, Parameter loss: 2.6954
Epoch: 48000, Adaptive data loss: 16351.3767, Adaptive ODE loss: 1.1683, Adaptive parameter loss: 0.0004
Si: 0.00097, tau1: 47.09984, tau2: 47.36655, Ci: 18.16205, p2: 0.00472, GEZI: -0.02695, EGP0: 1.92083, Vg: 300.11469, taum: 50.28918, tausc: 6.28698
Test Error: 1.01
Epoch: 50000, Data loss: 16340.1895, ODE loss: 49.2332, Parameter loss: 2.4309
Epoch: 50000, Adaptive data loss: 16257.8491, Adaptive ODE loss: 0.2350, Adaptive parameter loss: 0.0006
Si: 0.00105, tau1: 47.14877, tau2: 47.37813, Ci: 18.16185, p2: 0.00005, GEZI: -0.02431, EGP0: 1.92299, Vg: 300.11502, taum: 50.29003, tausc: 6.30806
Test Error: 1.01
Epoch: 52000, Data loss: 16510.7949, ODE loss: 18.0095, Parameter loss: 2.1753
Epoch: 52000, Adaptive data loss: 16491.3504, Adaptive ODE loss: 0.0189, Adaptive parameter loss: 0.0003
Si: 0.00104, tau1: 47.15191, tau2: 47.39954, Ci: 18.16458, p2: 0.00000, GEZI: -0.02175, EGP0: 1.91997, Vg: 300.12097, taum: 50.30170, tausc: 6.36195
Test Error: 1.01
Epoch: 54000, Data loss: 16510.6289, ODE loss: 30.8416, Parameter loss: 1.9605
Epoch: 54000, Adaptive data loss: 16477.5430, Adaptive ODE loss: 0.0581, Adaptive parameter loss: 0.0002
Si: 0.00094, tau1: 47.20453, tau2: 47.45343, Ci: 18.16085, p2: 0.00000, GEZI: -0.01961, EGP0: 1.91848, Vg: 300.13098, taum: 50.33144, tausc: 6.42069
Test Error: 1.01
Epoch: 56000, Data loss: 16494.1973, ODE loss: 32.6229, Parameter loss: 1.9687
Epoch: 56000, Adaptive data loss: 16459.7170, Adaptive ODE loss: 0.0643, Adaptive parameter loss: 0.0002
Si: 0.00094, tau1: 47.20453, tau2: 47.45343, Ci: 18.16085, p2: 0.00000, GEZI: -0.01969, EGP0: 1.91848, Vg: 300.13098, taum: 50.33144, tausc: 6.42069
Test Error: 1.01
Epoch: 58000, Data loss: 10723.6348, ODE loss: 54.1945, Parameter loss: 1.9026
Epoch: 58000, Adaptive data loss: 10723.6348, Adaptive ODE loss: 0.0000, Adaptive parameter loss: 0.0000
Si: 0.00073, tau1: 47.25185, tau2: 47.54922, Ci: 18.16438, p2: 0.00001, GEZI: -0.01902, EGP0: 1.91097, Vg: 300.15509, taum: 50.35953, tausc: 6.50191
Test Error: 1.01
Epoch: 60000, Data loss: 22142.2031, ODE loss: 11.9622, Parameter loss: 1.8627
Epoch: 60000, Adaptive data loss: 22142.2031, Adaptive ODE loss: 0.0000, Adaptive parameter loss: 0.0000
Si: -0.00090, tau1: 47.26979, tau2: 47.67114, Ci: 18.16566, p2: -0.00017, GEZI: -0.01759, EGP0: 1.90128, Vg: 300.17514, taum: 50.39094, tausc: 6.62058
Test Error: 1.01
Epoch: 62000, Data loss: 22192.4863, ODE loss: 7.9221, Parameter loss: 1.6832
Epoch: 62000, Adaptive data loss: 22192.4863, Adaptive ODE loss: 0.0000, Adaptive parameter loss: 0.0000
Si: 0.00003, tau1: 47.31841, tau2: 47.68182, Ci: 18.16658, p2: 0.00000, GEZI: -0.01688, EGP0: 1.89080, Vg: 300.19794, taum: 50.42163, tausc: 6.78530
Test Error: 1.01
Epoch: 64000, Data loss: 20417.9961, ODE loss: 12.4386, Parameter loss: 1.6848
Epoch: 64000, Adaptive data loss: 20417.9961, Adaptive ODE loss: 0.0000, Adaptive parameter loss: 0.0000
Si: 0.00004, tau1: 47.35991, tau2: 47.72681, Ci: 18.16703, p2: 0.00000, GEZI: -0.01689, EGP0: 1.87993, Vg: 300.22659, taum: 50.41690, tausc: 6.98221
Test Error: 1.01
Epoch: 66000, Data loss: 17085.4746, ODE loss: 4.7538, Parameter loss: 1.6345
Epoch: 66000, Adaptive data loss: 0.8503, Adaptive ODE loss: 3.5735, Adaptive parameter loss: 0.4057
Si: 0.00014, tau1: 47.39132, tau2: 47.79701, Ci: 18.16726, p2: 0.00000, GEZI: -0.01636, EGP0: 1.87017, Vg: 300.23761, taum: 50.42449, tausc: 7.15295
Test Error: 1.01
Epoch: 68000, Data loss: 37808.8203, ODE loss: 6.6699, Parameter loss: 1.6791
Epoch: 68000, Adaptive data loss: 37808.8203, Adaptive ODE loss: 0.0000, Adaptive parameter loss: 0.0000
Si: 0.00038, tau1: 47.43199, tau2: 47.89004, Ci: 18.16748, p2: 0.00000, GEZI: -0.01674, EGP0: 1.85974, Vg: 300.24933, taum: 50.43367, tausc: 7.27620
Test Error: 1.01
Epoch: 70000, Data loss: 355439.5625, ODE loss: 26.5508, Parameter loss: 1.6518
Epoch: 70000, Adaptive data loss: 355439.5625, Adaptive ODE loss: 0.0000, Adaptive parameter loss: 0.0000
Si: 0.00009, tau1: 47.45329, tau2: 47.93634, Ci: 18.16709, p2: 0.00000, GEZI: -0.01674, EGP0: 1.84343, Vg: 300.26379, taum: 50.44089, tausc: 7.39341
Test Error: 1.01
Epoch: 72000, Data loss: 24982.4355, ODE loss: 20.7507, Parameter loss: 1.5357
Epoch: 72000, Adaptive data loss: 0.0000, Adaptive ODE loss: 18.5732, Adaptive parameter loss: 0.1612
Si: 0.00021, tau1: 47.47266, tau2: 47.93718, Ci: 18.16728, p2: 0.00007, GEZI: -0.01530, EGP0: 1.83020, Vg: 300.28152, taum: 50.45226, tausc: 7.49894
Test Error: 1.01
Epoch: 74000, Data loss: 32810.9922, ODE loss: 10.9280, Parameter loss: 1.6132
Epoch: 74000, Adaptive data loss: 0.0000, Adaptive ODE loss: 9.4053, Adaptive parameter loss: 0.2248
Si: 0.00016, tau1: 47.49921, tau2: 47.99181, Ci: 18.16734, p2: 0.00004, GEZI: -0.01609, EGP0: 1.81598, Vg: 300.29718, taum: 50.46252, tausc: 7.69044
Test Error: 1.01
Epoch: 76000, Data loss: 86575.4062, ODE loss: 4.2338, Parameter loss: 1.5217
Epoch: 76000, Adaptive data loss: 86575.4062, Adaptive ODE loss: 0.0000, Adaptive parameter loss: 0.0000
Si: 0.00012, tau1: 47.52866, tau2: 48.07579, Ci: 18.16742, p2: 0.00002, GEZI: -0.01532, EGP0: 1.80367, Vg: 300.31662, taum: 50.47210, tausc: 7.94387
Test Error: 1.01
Epoch: 78000, Data loss: 22941.0723, ODE loss: 35.7327, Parameter loss: 1.4829
Epoch: 78000, Adaptive data loss: 0.0000, Adaptive ODE loss: 33.1410, Adaptive parameter loss: 0.1076
Si: 0.00008, tau1: 47.55786, tau2: 48.15256, Ci: 18.16817, p2: 0.00002, GEZI: -0.01476, EGP0: 1.79004, Vg: 300.34595, taum: 50.48313, tausc: 8.19401
Test Error: 1.01
Epoch: 80000, Data loss: 19892.3281, ODE loss: 2.6698, Parameter loss: 1.4731
Epoch: 80000, Adaptive data loss: 0.0000, Adaptive ODE loss: 1.4813, Adaptive parameter loss: 0.6558
Si: 0.00006, tau1: 47.58449, tau2: 48.25943, Ci: 18.16803, p2: 0.00002, GEZI: -0.01467, EGP0: 1.77590, Vg: 300.37009, taum: 50.49414, tausc: 8.44349
Test Error: 1.01
Epoch: 82000, Data loss: 35101.8359, ODE loss: 5.5351, Parameter loss: 1.5562
Epoch: 82000, Adaptive data loss: 0.0000, Adaptive ODE loss: 4.6482, Adaptive parameter loss: 0.2494
Si: 0.00005, tau1: 47.60968, tau2: 48.34108, Ci: 18.16836, p2: 0.00001, GEZI: -0.01552, EGP0: 1.75986, Vg: 300.40100, taum: 50.50570, tausc: 8.69475
Test Error: 1.01
Epoch: 84000, Data loss: 89965.3594, ODE loss: 3.8065, Parameter loss: 1.4762
Epoch: 84000, Adaptive data loss: 89965.3594, Adaptive ODE loss: 0.0000, Adaptive parameter loss: 0.0000
Si: 0.00005, tau1: 47.63608, tau2: 48.42397, Ci: 18.16877, p2: 0.00002, GEZI: -0.01487, EGP0: 1.74552, Vg: 300.43936, taum: 50.51723, tausc: 8.96146
Test Error: 1.01
Epoch: 86000, Data loss: 23131.1699, ODE loss: 19.1157, Parameter loss: 1.4114
Epoch: 86000, Adaptive data loss: 0.0000, Adaptive ODE loss: 16.2825, Adaptive parameter loss: 0.2092
Si: 0.00005, tau1: 47.66673, tau2: 48.55418, Ci: 18.16944, p2: 0.00013, GEZI: -0.01402, EGP0: 1.73174, Vg: 300.49332, taum: 50.52945, tausc: 9.22566
Test Error: 1.01
Epoch: 88000, Data loss: 37553.1562, ODE loss: 3.5203, Parameter loss: 1.5115
Epoch: 88000, Adaptive data loss: 0.0000, Adaptive ODE loss: 2.7866, Adaptive parameter loss: 0.3150
Si: 0.00007, tau1: 47.68876, tau2: 48.68774, Ci: 18.16950, p2: 0.00002, GEZI: -0.01507, EGP0: 1.71536, Vg: 300.56448, taum: 50.54089, tausc: 9.48974
Test Error: 1.01
Epoch: 90000, Data loss: 93480.0156, ODE loss: 2.7986, Parameter loss: 1.4278
Epoch: 90000, Adaptive data loss: 93480.0156, Adaptive ODE loss: 0.0000, Adaptive parameter loss: 0.0000
Si: 0.00007, tau1: 47.70764, tau2: 48.74975, Ci: 18.16976, p2: 0.00002, GEZI: -0.01440, EGP0: 1.70014, Vg: 300.65149, taum: 50.54826, tausc: 9.74650
Test Error: 1.01
Epoch: 92000, Data loss: 21307.5625, ODE loss: 0.4917, Parameter loss: 1.4034
Epoch: 92000, Adaptive data loss: 0.0000, Adaptive ODE loss: 0.2009, Adaptive parameter loss: 0.8299
Si: 0.00007, tau1: 47.72319, tau2: 48.84858, Ci: 18.17002, p2: 0.00002, GEZI: -0.01397, EGP0: 1.68331, Vg: 300.73801, taum: 50.55402, tausc: 10.01437
Test Error: 1.01
Epoch: 94000, Data loss: 32982.4023, ODE loss: 14.5793, Parameter loss: 1.4555
Epoch: 94000, Adaptive data loss: 0.0000, Adaptive ODE loss: 10.1203, Adaptive parameter loss: 0.4452
Si: 0.00025, tau1: 47.73552, tau2: 48.92385, Ci: 18.16975, p2: 0.00002, GEZI: -0.01450, EGP0: 1.66547, Vg: 300.82770, taum: 50.55896, tausc: 10.25619
Test Error: 1.01
Epoch: 96000, Data loss: 95190.6406, ODE loss: 2.3651, Parameter loss: 1.3833
Epoch: 96000, Adaptive data loss: 95190.6406, Adaptive ODE loss: 0.0000, Adaptive parameter loss: 0.0000
Si: 0.00032, tau1: 47.74705, tau2: 48.98792, Ci: 18.17019, p2: 0.00002, GEZI: -0.01393, EGP0: 1.64860, Vg: 300.91861, taum: 50.56340, tausc: 10.50299
Test Error: 1.01
Epoch: 98000, Data loss: 21842.4141, ODE loss: 0.4600, Parameter loss: 1.3470
Epoch: 98000, Adaptive data loss: 0.0000, Adaptive ODE loss: 0.1347, Adaptive parameter loss: 0.9524
Si: 0.00032, tau1: 47.75795, tau2: 49.06456, Ci: 18.17030, p2: 0.00001, GEZI: -0.01342, EGP0: 1.63191, Vg: 301.00739, taum: 50.57035, tausc: 10.75881
Test Error: 1.01
Epoch: 0, Data loss: 71522944.0000, ODE loss: 8295151.5000, Parameter loss: -0.0000
Epoch: 0, Adaptive data loss: 71522944.0000, Adaptive ODE loss: 8295151.5000, Adaptive parameter loss: -0.0000
Si: 0.00980, tau1: 47.00020, tau2: 47.00020, Ci: 18.00020, p2: 0.00030, GEZI: 0.00030, EGP0: 1.99980, Vg: 300.00021, taum: 50.00020, tausc: 6.00020
Test Error: 1.00
Epoch: 2000, Data loss: 17036.7695, ODE loss: 1969553.7500, Parameter loss: 1.9970
Epoch: 2000, Adaptive data loss: 0.0000, Adaptive ODE loss: 0.0000, Adaptive parameter loss: 1.9970
Si: 0.00272, tau1: 47.08589, tau2: 47.03501, Ci: 18.09928, p2: 0.00000, GEZI: -0.01997, EGP0: 1.97038, Vg: 300.01645, taum: 50.02029, tausc: 6.01659
Test Error: 1.00
Epoch: 4000, Data loss: 3478.1772, ODE loss: 467474.3438, Parameter loss: 2.0094
Epoch: 4000, Adaptive data loss: 3476.6674, Adaptive ODE loss: 0.0000, Adaptive parameter loss: 0.0009
Si: 0.00272, tau1: 47.10746, tau2: 47.03504, Ci: 18.14209, p2: 0.00000, GEZI: -0.02009, EGP0: 1.97005, Vg: 300.01645, taum: 50.02029, tausc: 6.01666
Test Error: 1.01
Epoch: 6000, Data loss: 609.6631, ODE loss: 24095.3105, Parameter loss: 1.8901
Epoch: 6000, Adaptive data loss: 22.0985, Adaptive ODE loss: 23219.3591, Adaptive parameter loss: 0.0002
Si: 0.00272, tau1: 47.12303, tau2: 47.03504, Ci: 18.18504, p2: 0.00000, GEZI: -0.01890, EGP0: 1.96399, Vg: 300.01645, taum: 50.01180, tausc: 6.01700
Test Error: 1.01
Epoch: 8000, Data loss: 23081.1445, ODE loss: 5190.1011, Parameter loss: 1.9886
Epoch: 8000, Adaptive data loss: 13717.1454, Adaptive ODE loss: 2103.2645, Adaptive parameter loss: 0.0009
Si: 0.00273, tau1: 47.16553, tau2: 47.02864, Ci: 18.19270, p2: -0.00000, GEZI: -0.01989, EGP0: 1.91228, Vg: 300.02902, taum: 50.13826, tausc: 6.01849
Test Error: 1.01
Epoch: 10000, Data loss: 16993.9824, ODE loss: 693.8857, Parameter loss: 2.3581
Epoch: 10000, Adaptive data loss: 16343.0084, Adaptive ODE loss: 26.4863, Adaptive parameter loss: 0.0003
Si: 0.00273, tau1: 47.16721, tau2: 47.02471, Ci: 18.19295, p2: 0.00000, GEZI: -0.02358, EGP0: 1.90718, Vg: 300.02924, taum: 50.18075, tausc: 6.01713
Test Error: 1.01
Epoch: 12000, Data loss: 16823.5859, ODE loss: 300.5606, Parameter loss: 2.4222
Epoch: 12000, Adaptive data loss: 16532.5704, Adaptive ODE loss: 5.1573, Adaptive parameter loss: 0.0003
Si: 0.00273, tau1: 47.16721, tau2: 47.02471, Ci: 18.19295, p2: -0.00000, GEZI: -0.02422, EGP0: 1.90595, Vg: 300.02924, taum: 50.18589, tausc: 6.01617
Test Error: 1.01
Epoch: 14000, Data loss: 16778.0918, ODE loss: 106.8231, Parameter loss: 2.3165
Epoch: 14000, Adaptive data loss: 16645.1907, Adaptive ODE loss: 0.8282, Adaptive parameter loss: 0.0004
Si: 0.00313, tau1: 47.16380, tau2: 47.02381, Ci: 18.19357, p2: 0.00000, GEZI: -0.02316, EGP0: 1.90255, Vg: 300.04437, taum: 50.06117, tausc: 6.00321
Test Error: 1.01
Epoch: 16000, Data loss: 325.5748, ODE loss: 84.5037, Parameter loss: 2.0796
Epoch: 16000, Adaptive data loss: 231.8595, Adaptive ODE loss: 23.7367, Adaptive parameter loss: 0.0145
Si: 0.00348, tau1: 47.16158, tau2: 47.04087, Ci: 18.20040, p2: 0.00000, GEZI: -0.02079, EGP0: 1.89868, Vg: 300.05145, taum: 49.96166, tausc: 6.01262
Test Error: 1.01
Epoch: 18000, Data loss: 19534.8027, ODE loss: 74.1318, Parameter loss: 2.0795
Epoch: 18000, Adaptive data loss: 0.0000, Adaptive ODE loss: 73.3453, Adaptive parameter loss: 0.0221
Si: 0.00282, tau1: 47.14579, tau2: 47.08072, Ci: 18.19279, p2: 0.00002, GEZI: -0.02084, EGP0: 1.89188, Vg: 300.06262, taum: 49.99482, tausc: 6.05400
Test Error: 1.01
Epoch: 20000, Data loss: 42006.4883, ODE loss: 23.1798, Parameter loss: 1.8903
Epoch: 20000, Adaptive data loss: 0.0000, Adaptive ODE loss: 21.5077, Adaptive parameter loss: 0.1364
Si: 0.00283, tau1: 47.10694, tau2: 47.09535, Ci: 18.19237, p2: 0.00001, GEZI: -0.01895, EGP0: 1.88178, Vg: 300.08801, taum: 50.02642, tausc: 6.15646
Test Error: 1.01
Epoch: 22000, Data loss: 82383.3984, ODE loss: 15.2603, Parameter loss: 1.8635
Epoch: 22000, Adaptive data loss: 82383.3984, Adaptive ODE loss: 0.0000, Adaptive parameter loss: 0.0000
Si: 0.00237, tau1: 47.06580, tau2: 47.15825, Ci: 18.19337, p2: 0.00002, GEZI: -0.01853, EGP0: 1.87170, Vg: 300.10553, taum: 50.04786, tausc: 6.32015
Test Error: 1.01
Epoch: 24000, Data loss: 28065.7617, ODE loss: 11.7971, Parameter loss: 1.8362
Epoch: 24000, Adaptive data loss: 0.0000, Adaptive ODE loss: 9.7822, Adaptive parameter loss: 0.3136
Si: 0.00118, tau1: 47.03761, tau2: 47.26870, Ci: 18.19429, p2: 0.00018, GEZI: -0.01843, EGP0: 1.86082, Vg: 300.12317, taum: 50.07217, tausc: 6.54436
Test Error: 1.01
Epoch: 26000, Data loss: 41266.1016, ODE loss: 15.9788, Parameter loss: 1.6931
Epoch: 26000, Adaptive data loss: 0.0000, Adaptive ODE loss: 14.6958, Adaptive parameter loss: 0.1359
Si: 0.00056, tau1: 47.04390, tau2: 47.40121, Ci: 18.19487, p2: 0.00002, GEZI: -0.01698, EGP0: 1.85050, Vg: 300.14197, taum: 50.10467, tausc: 6.78387
Test Error: 1.01
Epoch: 28000, Data loss: 94442.1484, ODE loss: 6.6373, Parameter loss: 1.7089
Epoch: 28000, Adaptive data loss: 94442.1484, Adaptive ODE loss: 0.0000, Adaptive parameter loss: 0.0000
Si: 0.00048, tau1: 47.06265, tau2: 47.50758, Ci: 18.19560, p2: 0.00003, GEZI: -0.01696, EGP0: 1.83821, Vg: 300.16205, taum: 50.13569, tausc: 7.01731
Test Error: 1.01
Epoch: 30000, Data loss: 29095.3789, ODE loss: 36.4582, Parameter loss: 1.8309
Epoch: 30000, Adaptive data loss: 0.0000, Adaptive ODE loss: 34.1372, Adaptive parameter loss: 0.1166
Si: 0.00047, tau1: 47.10738, tau2: 47.66907, Ci: 18.19730, p2: 0.00078, GEZI: -0.01841, EGP0: 1.82406, Vg: 300.18652, taum: 50.14837, tausc: 7.25207
Test Error: 1.01
Epoch: 32000, Data loss: 40813.4531, ODE loss: 70.1943, Parameter loss: 1.6840
Epoch: 32000, Adaptive data loss: 0.0000, Adaptive ODE loss: 69.7737, Adaptive parameter loss: 0.0101
Si: 0.00052, tau1: 47.18388, tau2: 47.74134, Ci: 18.20186, p2: 0.00004, GEZI: -0.01689, EGP0: 1.81408, Vg: 300.22513, taum: 50.18018, tausc: 7.50623
Test Error: 1.01
Epoch: 34000, Data loss: 95675.9609, ODE loss: 17.3810, Parameter loss: 1.6995
Epoch: 34000, Adaptive data loss: 95675.9609, Adaptive ODE loss: 0.0000, Adaptive parameter loss: 0.0000
Si: 0.00073, tau1: 47.26767, tau2: 47.77161, Ci: 18.20244, p2: 0.00003, GEZI: -0.01687, EGP0: 1.80399, Vg: 300.24377, taum: 50.19971, tausc: 7.75061
Test Error: 1.01
Epoch: 36000, Data loss: 19357.6133, ODE loss: 2.5549, Parameter loss: 1.6469
Epoch: 36000, Adaptive data loss: 0.0000, Adaptive ODE loss: 1.5353, Adaptive parameter loss: 0.6572
Si: 0.00047, tau1: 47.36122, tau2: 47.80909, Ci: 18.20246, p2: -0.00000, GEZI: -0.01649, EGP0: 1.79365, Vg: 300.25806, taum: 50.21402, tausc: 7.99723
Test Error: 1.01
Epoch: 38000, Data loss: 30024.7598, ODE loss: 25.4295, Parameter loss: 1.5366
Epoch: 38000, Adaptive data loss: 0.0000, Adaptive ODE loss: 24.5075, Adaptive parameter loss: 0.0557
Si: 0.00048, tau1: 47.43705, tau2: 47.89273, Ci: 18.20353, p2: 0.00000, GEZI: -0.01539, EGP0: 1.78266, Vg: 300.26904, taum: 50.22676, tausc: 8.22528
Test Error: 1.01
Epoch: 40000, Data loss: 131593.0000, ODE loss: 43.3170, Parameter loss: 1.5639
Epoch: 40000, Adaptive data loss: 131593.0000, Adaptive ODE loss: 0.0000, Adaptive parameter loss: 0.0000
Si: 0.00036, tau1: 47.49028, tau2: 47.99617, Ci: 18.20497, p2: 0.00001, GEZI: -0.01542, EGP0: 1.77147, Vg: 300.27731, taum: 50.23998, tausc: 8.41806
Test Error: 1.01
Epoch: 42000, Data loss: 21686.1953, ODE loss: 4.7083, Parameter loss: 1.5536
Epoch: 42000, Adaptive data loss: 0.0000, Adaptive ODE loss: 3.1579, Adaptive parameter loss: 0.5116
Si: 0.00041, tau1: 47.54744, tau2: 48.09476, Ci: 18.20518, p2: 0.00004, GEZI: -0.01558, EGP0: 1.76023, Vg: 300.28354, taum: 50.25325, tausc: 8.60867
Test Error: 1.01
Epoch: 44000, Data loss: 60175.8047, ODE loss: 3.1781, Parameter loss: 1.5221
Epoch: 44000, Adaptive data loss: 60175.8047, Adaptive ODE loss: 0.0000, Adaptive parameter loss: 0.0000
Si: 0.00021, tau1: 47.60128, tau2: 48.19289, Ci: 18.20537, p2: 0.00004, GEZI: -0.01531, EGP0: 1.74823, Vg: 300.29401, taum: 50.26292, tausc: 8.77663
Test Error: 1.01
Epoch: 46000, Data loss: 22398.8203, ODE loss: 19.8448, Parameter loss: 1.4257
Epoch: 46000, Adaptive data loss: 0.0000, Adaptive ODE loss: 16.6349, Adaptive parameter loss: 0.2306
Si: 0.00018, tau1: 47.61068, tau2: 48.20253, Ci: 18.20616, p2: 0.00005, GEZI: -0.01416, EGP0: 1.73465, Vg: 300.29614, taum: 50.26750, tausc: 8.96527
Test Error: 1.01
Epoch: 48000, Data loss: 96016.9141, ODE loss: 5.5425, Parameter loss: 1.5113
Epoch: 48000, Adaptive data loss: 96016.9141, Adaptive ODE loss: 0.0000, Adaptive parameter loss: 0.0000
Si: 0.00016, tau1: 47.65446, tau2: 48.25933, Ci: 18.20554, p2: 0.00002, GEZI: -0.01496, EGP0: 1.71859, Vg: 300.31851, taum: 50.26676, tausc: 9.17535
Test Error: 1.01
Epoch: 50000, Data loss: 24682.0117, ODE loss: 1.8718, Parameter loss: 1.5137
Epoch: 50000, Adaptive data loss: 0.0000, Adaptive ODE loss: 1.0813, Adaptive parameter loss: 0.6393
Si: 0.00014, tau1: 47.65777, tau2: 48.26573, Ci: 18.20592, p2: 0.00004, GEZI: -0.01519, EGP0: 1.70379, Vg: 300.33197, taum: 50.26776, tausc: 9.31461
Test Error: 1.01
Epoch: 52000, Data loss: 33590.5859, ODE loss: 3.3832, Parameter loss: 1.4197
Epoch: 52000, Adaptive data loss: 0.0000, Adaptive ODE loss: 2.2112, Adaptive parameter loss: 0.4918
Si: 0.00017, tau1: 47.66808, tau2: 48.31395, Ci: 18.20609, p2: 0.00003, GEZI: -0.01421, EGP0: 1.68838, Vg: 300.33838, taum: 50.26981, tausc: 9.49610
Test Error: 1.01
Epoch: 54000, Data loss: 22249.5195, ODE loss: 2.2639, Parameter loss: 1.4037
Epoch: 54000, Adaptive data loss: 0.0000, Adaptive ODE loss: 1.2696, Adaptive parameter loss: 0.6165
Si: 0.00046, tau1: 47.68317, tau2: 48.38239, Ci: 18.20629, p2: 0.00000, GEZI: -0.01397, EGP0: 1.67304, Vg: 300.33603, taum: 50.27422, tausc: 9.65250
Test Error: 1.01
Epoch: 56000, Data loss: 91891.0312, ODE loss: 7.6565, Parameter loss: 1.4385
Epoch: 56000, Adaptive data loss: 91891.0312, Adaptive ODE loss: 0.0000, Adaptive parameter loss: 0.0000
Si: 0.00026, tau1: 47.74966, tau2: 48.53668, Ci: 18.20780, p2: 0.00001, GEZI: -0.01425, EGP0: 1.65809, Vg: 300.33368, taum: 50.28004, tausc: 9.84091
Test Error: 1.01
Epoch: 58000, Data loss: 24076.6348, ODE loss: 36.0132, Parameter loss: 1.4725
Epoch: 58000, Adaptive data loss: 0.0000, Adaptive ODE loss: 34.5205, Adaptive parameter loss: 0.0610
Si: 0.00024, tau1: 47.80599, tau2: 48.55984, Ci: 18.20766, p2: 0.00002, GEZI: -0.01479, EGP0: 1.64602, Vg: 300.33810, taum: 50.28348, tausc: 10.04664
Test Error: 1.01
Epoch: 60000, Data loss: 52725.1406, ODE loss: 7.4580, Parameter loss: 1.3473
Epoch: 60000, Adaptive data loss: 0.0000, Adaptive ODE loss: 6.3346, Adaptive parameter loss: 0.2030
Si: 0.00030, tau1: 47.86515, tau2: 48.60614, Ci: 18.20823, p2: 0.00004, GEZI: -0.01352, EGP0: 1.63584, Vg: 300.34164, taum: 50.28799, tausc: 10.26933
Test Error: 1.01
Epoch: 62000, Data loss: 35289.6094, ODE loss: 2.9987, Parameter loss: 1.3651
Epoch: 62000, Adaptive data loss: 0.0000, Adaptive ODE loss: 2.2033, Adaptive parameter loss: 0.3621
Si: 0.00027, tau1: 47.88627, tau2: 48.66464, Ci: 18.20835, p2: 0.00003, GEZI: -0.01369, EGP0: 1.62299, Vg: 300.34689, taum: 50.29207, tausc: 10.45086
Test Error: 1.01
Epoch: 64000, Data loss: 17623.1250, ODE loss: 4.9384, Parameter loss: 1.3762
Epoch: 64000, Adaptive data loss: 0.0000, Adaptive ODE loss: 3.6274, Adaptive parameter loss: 0.3653
Si: 0.00030, tau1: 47.93324, tau2: 48.71800, Ci: 18.20921, p2: 0.00004, GEZI: -0.01374, EGP0: 1.60931, Vg: 300.37170, taum: 50.28650, tausc: 10.64937
Test Error: 1.01
Epoch: 66000, Data loss: 125597.2656, ODE loss: 9.0117, Parameter loss: 1.3912
Epoch: 66000, Adaptive data loss: 125597.2656, Adaptive ODE loss: 0.0000, Adaptive parameter loss: 0.0000
Si: 0.00046, tau1: 47.95901, tau2: 48.75796, Ci: 18.20941, p2: 0.00003, GEZI: -0.01374, EGP0: 1.59772, Vg: 300.39230, taum: 50.28662, tausc: 10.85987
Test Error: 1.01
Epoch: 68000, Data loss: 32734.5938, ODE loss: 5.4715, Parameter loss: 1.4221
Epoch: 68000, Adaptive data loss: 0.0000, Adaptive ODE loss: 4.9949, Adaptive parameter loss: 0.1239
Si: 0.00038, tau1: 47.97076, tau2: 48.76848, Ci: 18.20963, p2: 0.00002, GEZI: -0.01416, EGP0: 1.58608, Vg: 300.40015, taum: 50.28617, tausc: 11.06634
Test Error: 1.01
Epoch: 70000, Data loss: 29289.8438, ODE loss: 11.8661, Parameter loss: 1.4197
Epoch: 70000, Adaptive data loss: 0.0000, Adaptive ODE loss: 11.0554, Adaptive parameter loss: 0.0970
Si: 0.00041, tau1: 48.01447, tau2: 48.82708, Ci: 18.20981, p2: 0.00004, GEZI: -0.01414, EGP0: 1.57381, Vg: 300.41061, taum: 50.28915, tausc: 11.26385
Test Error: 1.01
Epoch: 72000, Data loss: 27464.5664, ODE loss: 91.4597, Parameter loss: 1.4116
Epoch: 72000, Adaptive data loss: 0.0000, Adaptive ODE loss: 89.6623, Adaptive parameter loss: 0.0277
Si: 0.00025, tau1: 48.02790, tau2: 48.85805, Ci: 18.20881, p2: 0.00001, GEZI: -0.01421, EGP0: 1.56088, Vg: 300.42334, taum: 50.29311, tausc: 11.47937
Test Error: 1.01
Epoch: 74000, Data loss: 61637.0195, ODE loss: 4.3557, Parameter loss: 1.3294
Epoch: 74000, Adaptive data loss: 61637.0195, Adaptive ODE loss: 0.0000, Adaptive parameter loss: 0.0000
Si: 0.00211, tau1: 48.08336, tau2: 48.91402, Ci: 18.21045, p2: 0.00000, GEZI: -0.01339, EGP0: 1.54853, Vg: 300.43561, taum: 50.29882, tausc: 11.68730
Test Error: 1.01
Epoch: 76000, Data loss: 29004.4512, ODE loss: 2.5669, Parameter loss: 1.2995
Epoch: 76000, Adaptive data loss: 0.0000, Adaptive ODE loss: 1.8108, Adaptive parameter loss: 0.3828
Si: 0.00153, tau1: 48.09906, tau2: 48.93266, Ci: 18.21062, p2: -0.00002, GEZI: -0.01301, EGP0: 1.53627, Vg: 300.44894, taum: 50.30156, tausc: 11.90964
Test Error: 1.01
Epoch: 78000, Data loss: 21171.6094, ODE loss: 0.7582, Parameter loss: 1.2852
Epoch: 78000, Adaptive data loss: 0.0000, Adaptive ODE loss: 0.3520, Adaptive parameter loss: 0.6886
Si: 0.00026, tau1: 48.15757, tau2: 48.99536, Ci: 18.21176, p2: 0.00004, GEZI: -0.01281, EGP0: 1.52198, Vg: 300.46960, taum: 50.30671, tausc: 12.07525
Test Error: 1.01
Epoch: 80000, Data loss: 18573.4414, ODE loss: 619.6476, Parameter loss: 1.2939
Epoch: 80000, Adaptive data loss: 0.0000, Adaptive ODE loss: 619.6470, Adaptive parameter loss: 0.0000
Si: 0.00029, tau1: 48.16411, tau2: 49.02947, Ci: 18.21006, p2: 0.00002, GEZI: -0.01291, EGP0: 1.50782, Vg: 300.50504, taum: 50.30738, tausc: 12.26446
Test Error: 1.01
Epoch: 82000, Data loss: 115452.4688, ODE loss: 4.4725, Parameter loss: 1.2904
Epoch: 82000, Adaptive data loss: 115452.4687, Adaptive ODE loss: 0.0000, Adaptive parameter loss: 0.0000
Si: 0.00004, tau1: 48.19427, tau2: 49.06087, Ci: 18.21166, p2: -0.00002, GEZI: -0.01275, EGP0: 1.49352, Vg: 300.48962, taum: 50.30375, tausc: 12.48175
Test Error: 1.01
Epoch: 84000, Data loss: 34273.3906, ODE loss: 1.7033, Parameter loss: 1.2918
Epoch: 84000, Adaptive data loss: 0.0000, Adaptive ODE loss: 0.8150, Adaptive parameter loss: 0.6737
Si: 0.00020, tau1: 48.21301, tau2: 49.14996, Ci: 18.21261, p2: 0.00055, GEZI: -0.01290, EGP0: 1.47900, Vg: 300.46970, taum: 50.29902, tausc: 12.62060
Test Error: 1.01
Epoch: 86000, Data loss: 33645.3477, ODE loss: 6.1576, Parameter loss: 1.3165
Epoch: 86000, Adaptive data loss: 0.0000, Adaptive ODE loss: 5.7541, Adaptive parameter loss: 0.0863
Si: 0.00021, tau1: 48.21628, tau2: 49.15318, Ci: 18.21277, p2: 0.00019, GEZI: -0.01309, EGP0: 1.46219, Vg: 300.53241, taum: 50.30191, tausc: 12.81686
Test Error: 1.01
Epoch: 88000, Data loss: 71663.6875, ODE loss: 2.0462, Parameter loss: 1.2327
Epoch: 88000, Adaptive data loss: 71663.6875, Adaptive ODE loss: 0.0000, Adaptive parameter loss: 0.0000
Si: 0.00023, tau1: 48.21806, tau2: 49.15650, Ci: 18.21283, p2: 0.00004, GEZI: -0.01241, EGP0: 1.44852, Vg: 300.63873, taum: 50.30122, tausc: 12.96539
Test Error: 1.01
Epoch: 90000, Data loss: 46911.6523, ODE loss: 1.2889, Parameter loss: 1.2181
Epoch: 90000, Adaptive data loss: 46911.6523, Adaptive ODE loss: 0.0000, Adaptive parameter loss: 0.0000
Si: 0.00024, tau1: 48.27410, tau2: 49.16892, Ci: 18.21269, p2: 0.00003, GEZI: -0.01221, EGP0: 1.43288, Vg: 300.73923, taum: 50.30684, tausc: 13.14637
Test Error: 1.01
Epoch: 92000, Data loss: 41177.9922, ODE loss: 1.2075, Parameter loss: 1.2063
Epoch: 92000, Adaptive data loss: 41177.9922, Adaptive ODE loss: 0.0000, Adaptive parameter loss: 0.0000
Si: 0.00027, tau1: 48.28707, tau2: 49.20617, Ci: 18.21273, p2: 0.00003, GEZI: -0.01209, EGP0: 1.41840, Vg: 300.81979, taum: 50.31328, tausc: 13.32580
Test Error: 1.01
Epoch: 94000, Data loss: 62972.3047, ODE loss: 1.5799, Parameter loss: 1.1926
Epoch: 94000, Adaptive data loss: 62972.3047, Adaptive ODE loss: 0.0000, Adaptive parameter loss: 0.0000
Si: 0.00028, tau1: 48.34418, tau2: 49.26973, Ci: 18.21288, p2: 0.00003, GEZI: -0.01209, EGP0: 1.40319, Vg: 300.86713, taum: 50.32360, tausc: 13.49509
Test Error: 1.01
Epoch: 96000, Data loss: 30481.6836, ODE loss: 1.8280, Parameter loss: 1.1516
Epoch: 96000, Adaptive data loss: 0.0000, Adaptive ODE loss: 1.0314, Adaptive parameter loss: 0.5018
Si: 0.00051, tau1: 48.35555, tau2: 49.27181, Ci: 18.21302, p2: 0.00001, GEZI: -0.01153, EGP0: 1.38923, Vg: 300.89886, taum: 50.32855, tausc: 13.66802
Test Error: 1.01
Epoch: 98000, Data loss: 23810.8320, ODE loss: 1.3977, Parameter loss: 1.1241
Epoch: 98000, Adaptive data loss: 0.0000, Adaptive ODE loss: 0.9124, Adaptive parameter loss: 0.3903
Si: 0.00040, tau1: 48.37573, tau2: 49.27813, Ci: 18.21292, p2: 0.00004, GEZI: -0.01117, EGP0: 1.37498, Vg: 300.92401, taum: 50.33397, tausc: 13.85179
Test Error: 1.01
Epoch: 0, Data loss: 221508128.0000, ODE loss: 7971588.0000, Parameter loss: -0.0000
Epoch: 0, Adaptive data loss: 221508128.0000, Adaptive ODE loss: 7971588.0000, Adaptive parameter loss: -0.0000
Si: 0.00980, tau1: 47.00020, tau2: 47.00020, Ci: 18.00020, p2: 0.00030, GEZI: 0.00030, EGP0: 1.99980, Vg: 300.00021, taum: 50.00020, tausc: 6.00020
Test Error: 0.99
Epoch: 2000, Data loss: 1313072.1250, ODE loss: 138320.5312, Parameter loss: 1.5206
Epoch: 2000, Adaptive data loss: 1313072.1250, Adaptive ODE loss: 0.0000, Adaptive parameter loss: 0.0000
Si: 0.00655, tau1: 47.06886, tau2: 47.01551, Ci: 18.09522, p2: 0.00001, GEZI: -0.01521, EGP0: 1.96034, Vg: 300.01712, taum: 50.00917, tausc: 6.01069
Test Error: 1.01
Epoch: 4000, Data loss: 18080.3633, ODE loss: 26262.0156, Parameter loss: 1.7430
Epoch: 4000, Adaptive data loss: 0.3433, Adaptive ODE loss: 26259.5435, Adaptive parameter loss: 0.0001
Si: 0.00655, tau1: 47.07883, tau2: 47.01551, Ci: 18.10614, p2: -0.00000, GEZI: -0.01743, EGP0: 1.94744, Vg: 300.01767, taum: 49.79005, tausc: 6.01171
Test Error: 1.01
Epoch: 6000, Data loss: 17184.0742, ODE loss: 22569.6406, Parameter loss: 1.6542
Epoch: 6000, Adaptive data loss: 8476.9877, Adaptive ODE loss: 11434.8798, Adaptive parameter loss: 0.0001
Si: 0.00655, tau1: 47.10195, tau2: 47.01551, Ci: 18.11767, p2: -0.00000, GEZI: -0.01654, EGP0: 1.94128, Vg: 300.01767, taum: 49.47473, tausc: 6.01262
Test Error: 1.01
Epoch: 8000, Data loss: 17011.7070, ODE loss: 12491.8486, Parameter loss: 1.6468
Epoch: 8000, Adaptive data loss: 12307.3740, Adaptive ODE loss: 3453.5131, Adaptive parameter loss: 0.0001
Si: 0.00655, tau1: 47.14449, tau2: 47.01551, Ci: 18.14093, p2: -0.00000, GEZI: -0.01647, EGP0: 1.93867, Vg: 300.01767, taum: 49.75265, tausc: 6.01357
Test Error: 1.01
Epoch: 10000, Data loss: 16822.7539, ODE loss: 3747.4790, Parameter loss: 1.6431
Epoch: 10000, Adaptive data loss: 14532.9795, Adaptive ODE loss: 509.7761, Adaptive parameter loss: 0.0001
Si: 0.00655, tau1: 47.18870, tau2: 47.01551, Ci: 18.16267, p2: -0.00000, GEZI: -0.01643, EGP0: 1.93469, Vg: 300.01767, taum: 49.92368, tausc: 6.01436
Test Error: 1.01
Epoch: 12000, Data loss: 38157.1758, ODE loss: 74.6674, Parameter loss: 1.6911
Epoch: 12000, Adaptive data loss: 38157.1758, Adaptive ODE loss: 0.0000, Adaptive parameter loss: 0.0000
Si: 0.00445, tau1: 47.22002, tau2: 47.02142, Ci: 18.16218, p2: -0.00055, GEZI: -0.01638, EGP0: 1.92437, Vg: 300.01767, taum: 49.93572, tausc: 6.02677
Test Error: 1.01
Epoch: 14000, Data loss: 16856.8457, ODE loss: 145.9728, Parameter loss: 1.6333
Epoch: 14000, Adaptive data loss: 16704.9588, Adaptive ODE loss: 1.3007, Adaptive parameter loss: 0.0002
Si: 0.00359, tau1: 47.22008, tau2: 47.02043, Ci: 18.16221, p2: -0.00000, GEZI: -0.01633, EGP0: 1.92434, Vg: 300.01767, taum: 49.95317, tausc: 6.02589
Test Error: 1.01
Epoch: 16000, Data loss: 16706.8809, ODE loss: 143.3814, Parameter loss: 1.6336
Epoch: 16000, Adaptive data loss: 16564.0433, Adaptive ODE loss: 1.2120, Adaptive parameter loss: 0.0002
Si: 0.00359, tau1: 47.22008, tau2: 47.02043, Ci: 18.16221, p2: -0.00001, GEZI: -0.01633, EGP0: 1.92418, Vg: 300.01767, taum: 49.96885, tausc: 6.02493
Test Error: 1.01
Epoch: 18000, Data loss: 16623.0352, ODE loss: 137.4114, Parameter loss: 1.6325
Epoch: 18000, Adaptive data loss: 16492.5665, Adaptive ODE loss: 1.0656, Adaptive parameter loss: 0.0002
Si: 0.00359, tau1: 47.22008, tau2: 47.02043, Ci: 18.16221, p2: 0.00000, GEZI: -0.01632, EGP0: 1.92376, Vg: 300.01767, taum: 50.01833, tausc: 6.02260
Test Error: 1.01
Epoch: 20000, Data loss: 18090.3984, ODE loss: 79.2737, Parameter loss: 1.6122
Epoch: 20000, Adaptive data loss: 0.0000, Adaptive ODE loss: 77.5487, Adaptive parameter loss: 0.0351
Si: 0.00123, tau1: 47.19186, tau2: 47.09385, Ci: 18.16012, p2: 0.00000, GEZI: -0.01610, EGP0: 1.91050, Vg: 300.01767, taum: 50.13406, tausc: 6.04603
Test Error: 1.01
Epoch: 22000, Data loss: 17386.2852, ODE loss: 280.0586, Parameter loss: 1.5969
Epoch: 22000, Adaptive data loss: 0.0000, Adaptive ODE loss: 276.0852, Adaptive parameter loss: 0.0227
Si: 0.00122, tau1: 47.15208, tau2: 47.15931, Ci: 18.16001, p2: 0.00002, GEZI: -0.01593, EGP0: 1.90175, Vg: 300.01767, taum: 50.31467, tausc: 6.05955
Test Error: 1.01
Epoch: 24000, Data loss: 27009.8047, ODE loss: 28.9902, Parameter loss: 1.6317
Epoch: 24000, Adaptive data loss: 0.0000, Adaptive ODE loss: 26.4818, Adaptive parameter loss: 0.1412
Si: 0.00058, tau1: 47.20385, tau2: 47.33010, Ci: 18.15998, p2: 0.00005, GEZI: -0.01637, EGP0: 1.88470, Vg: 300.01767, taum: 50.50525, tausc: 6.16269
Test Error: 1.01
Epoch: 26000, Data loss: 16501.1719, ODE loss: 17.1696, Parameter loss: 1.5934
Epoch: 26000, Adaptive data loss: 16480.5786, Adaptive ODE loss: 0.0196, Adaptive parameter loss: 0.0002
Si: 0.00027, tau1: 47.28115, tau2: 47.38881, Ci: 18.16120, p2: 0.00002, GEZI: -0.01593, EGP0: 1.87490, Vg: 300.01767, taum: 50.61034, tausc: 6.23289
Test Error: 1.01
Epoch: 28000, Data loss: 15798.7637, ODE loss: 39.3595, Parameter loss: 1.5843
Epoch: 28000, Adaptive data loss: 15065.7331, Adaptive ODE loss: 1.7651, Adaptive parameter loss: 0.0025
Si: 0.00027, tau1: 47.35220, tau2: 47.42002, Ci: 18.16313, p2: 0.00000, GEZI: -0.01584, EGP0: 1.86486, Vg: 300.01767, taum: 50.65334, tausc: 6.28373
Test Error: 1.01
Epoch: 30000, Data loss: 17566.5781, ODE loss: 43.1833, Parameter loss: 1.5606
Epoch: 30000, Adaptive data loss: 0.0000, Adaptive ODE loss: 41.3373, Adaptive parameter loss: 0.0667
Si: 0.00010, tau1: 47.41500, tau2: 47.50398, Ci: 18.16259, p2: 0.00257, GEZI: -0.01557, EGP0: 1.85275, Vg: 300.01767, taum: 50.72208, tausc: 6.35913
Test Error: 1.01
Epoch: 32000, Data loss: 17310.6719, ODE loss: 65.9980, Parameter loss: 1.5483
Epoch: 32000, Adaptive data loss: 0.0000, Adaptive ODE loss: 62.6808, Adaptive parameter loss: 0.0778
Si: 0.00007, tau1: 47.49705, tau2: 47.51549, Ci: 18.16366, p2: 0.00165, GEZI: -0.01544, EGP0: 1.84254, Vg: 300.01767, taum: 50.81321, tausc: 6.43012
Test Error: 1.01
Epoch: 34000, Data loss: 19981.1953, ODE loss: 403.5509, Parameter loss: 1.5419
Epoch: 34000, Adaptive data loss: 19981.1953, Adaptive ODE loss: 0.0000, Adaptive parameter loss: 0.0000
Si: 0.00005, tau1: 47.63503, tau2: 47.62625, Ci: 18.16409, p2: 0.00087, GEZI: -0.01544, EGP0: 1.82593, Vg: 300.01767, taum: 50.90683, tausc: 6.58311
Test Error: 1.01
Epoch: 36000, Data loss: 12193.9004, ODE loss: 44.7347, Parameter loss: 1.5427
Epoch: 36000, Adaptive data loss: 8130.1678, Adaptive ODE loss: 14.4045, Adaptive parameter loss: 0.0174
Si: 0.00007, tau1: 47.71362, tau2: 47.71131, Ci: 18.16339, p2: 0.00021, GEZI: -0.01543, EGP0: 1.81510, Vg: 300.01767, taum: 50.93254, tausc: 6.65100
Test Error: 1.01
Epoch: 38000, Data loss: 96228.0156, ODE loss: 46.4317, Parameter loss: 1.5261
Epoch: 38000, Adaptive data loss: 96228.0156, Adaptive ODE loss: 0.0000, Adaptive parameter loss: 0.0000
Si: 0.00005, tau1: 47.77080, tau2: 47.77543, Ci: 18.16447, p2: 0.00014, GEZI: -0.01532, EGP0: 1.80472, Vg: 300.01767, taum: 50.98195, tausc: 6.73792
Test Error: 1.01
Epoch: 40000, Data loss: 98876.5781, ODE loss: 21.2655, Parameter loss: 1.5133
Epoch: 40000, Adaptive data loss: 98876.5781, Adaptive ODE loss: 0.0000, Adaptive parameter loss: 0.0000
Si: 0.00005, tau1: 47.80777, tau2: 47.83117, Ci: 18.16401, p2: 0.00011, GEZI: -0.01521, EGP0: 1.79471, Vg: 300.01767, taum: 51.07991, tausc: 6.79510
Test Error: 1.01
Epoch: 42000, Data loss: 110604.9531, ODE loss: 31.0879, Parameter loss: 1.5038
Epoch: 42000, Adaptive data loss: 110604.9531, Adaptive ODE loss: 0.0000, Adaptive parameter loss: 0.0000
Si: 0.00006, tau1: 47.88133, tau2: 47.94255, Ci: 18.16456, p2: 0.00004, GEZI: -0.01511, EGP0: 1.78364, Vg: 300.01767, taum: 51.18956, tausc: 6.92404
Test Error: 1.01
Epoch: 44000, Data loss: 16536.7832, ODE loss: 75.8081, Parameter loss: 1.6070
Epoch: 44000, Adaptive data loss: 16456.8086, Adaptive ODE loss: 0.3590, Adaptive parameter loss: 0.0002
Si: 0.00003, tau1: 47.98005, tau2: 48.09481, Ci: 18.16418, p2: -0.00103, GEZI: -0.01504, EGP0: 1.77086, Vg: 300.01767, taum: 51.24981, tausc: 7.08329
Test Error: 1.01
Epoch: 46000, Data loss: 105683.0156, ODE loss: 591.3762, Parameter loss: 1.5845
Epoch: 46000, Adaptive data loss: 0.0000, Adaptive ODE loss: 591.3747, Adaptive parameter loss: 0.0000
Si: 0.00002, tau1: 48.03123, tau2: 48.13553, Ci: 18.16424, p2: 0.00000, GEZI: -0.01596, EGP0: 1.75288, Vg: 300.01767, taum: 51.29028, tausc: 7.17919
Test Error: 1.01
Epoch: 48000, Data loss: 16622.9941, ODE loss: 84.4615, Parameter loss: 1.4858
Epoch: 48000, Adaptive data loss: 16543.3237, Adaptive ODE loss: 0.3955, Adaptive parameter loss: 0.0002
Si: 0.00002, tau1: 48.06567, tau2: 48.16467, Ci: 18.16740, p2: 0.00000, GEZI: -0.01486, EGP0: 1.75146, Vg: 300.01767, taum: 51.34607, tausc: 7.19729
Test Error: 1.01
Epoch: 50000, Data loss: 16558.7930, ODE loss: 40.2872, Parameter loss: 1.4851
Epoch: 50000, Adaptive data loss: 16516.0598, Adaptive ODE loss: 0.1003, Adaptive parameter loss: 0.0001
Si: 0.00002, tau1: 48.11800, tau2: 48.20177, Ci: 18.16675, p2: 0.00000, GEZI: -0.01485, EGP0: 1.75042, Vg: 300.01767, taum: 51.38650, tausc: 7.23452
Test Error: 1.01
Epoch: 52000, Data loss: 16523.4883, ODE loss: 30.8999, Parameter loss: 1.4850
Epoch: 52000, Adaptive data loss: 16491.9673, Adaptive ODE loss: 0.0563, Adaptive parameter loss: 0.0001
Si: 0.00002, tau1: 48.11800, tau2: 48.20177, Ci: 18.16675, p2: 0.00000, GEZI: -0.01485, EGP0: 1.75042, Vg: 300.01767, taum: 51.38986, tausc: 7.23452
Test Error: 1.01
Epoch: 54000, Data loss: 17980.2773, ODE loss: 78.4534, Parameter loss: 1.5159
Epoch: 54000, Adaptive data loss: 17980.2773, Adaptive ODE loss: 0.0000, Adaptive parameter loss: 0.0000
Si: 0.00002, tau1: 48.17500, tau2: 48.27996, Ci: 18.16603, p2: 0.00000, GEZI: -0.01520, EGP0: 1.74701, Vg: 300.01767, taum: 51.46502, tausc: 7.28948
Test Error: 1.01
Epoch: 56000, Data loss: 16680.2910, ODE loss: 34.5377, Parameter loss: 1.4725
Epoch: 56000, Adaptive data loss: 16633.9815, Adaptive ODE loss: 0.0918, Adaptive parameter loss: 0.0002
Si: 0.00002, tau1: 48.21928, tau2: 48.32627, Ci: 18.16589, p2: 0.00000, GEZI: -0.01472, EGP0: 1.74308, Vg: 300.01767, taum: 51.51688, tausc: 7.34670
Test Error: 1.01
Epoch: 58000, Data loss: 43604.1016, ODE loss: 35.5441, Parameter loss: 1.4573
Epoch: 58000, Adaptive data loss: 43604.1016, Adaptive ODE loss: 0.0000, Adaptive parameter loss: 0.0000
Si: 0.00002, tau1: 48.25828, tau2: 48.34219, Ci: 18.16587, p2: 0.00000, GEZI: -0.01463, EGP0: 1.73818, Vg: 300.01767, taum: 51.60580, tausc: 7.35074
Test Error: 1.01
Epoch: 60000, Data loss: 20727.4004, ODE loss: 46.4920, Parameter loss: 1.4521
Epoch: 60000, Adaptive data loss: 20222.6150, Adaptive ODE loss: 1.1172, Adaptive parameter loss: 0.0005
Si: 0.00002, tau1: 48.35092, tau2: 48.40663, Ci: 18.16572, p2: 0.00000, GEZI: -0.01453, EGP0: 1.72836, Vg: 300.01767, taum: 51.68498, tausc: 7.42061
Test Error: 1.01
Epoch: 62000, Data loss: 118221.6094, ODE loss: 70.6021, Parameter loss: 1.4746
Epoch: 62000, Adaptive data loss: 118221.6094, Adaptive ODE loss: 0.0000, Adaptive parameter loss: 0.0000
Si: 0.00002, tau1: 48.38085, tau2: 48.45811, Ci: 18.16667, p2: 0.00000, GEZI: -0.01477, EGP0: 1.71981, Vg: 300.01767, taum: 51.74636, tausc: 7.44538
Test Error: 1.01
Epoch: 64000, Data loss: 18312.0391, ODE loss: 727.8591, Parameter loss: 1.3857
Epoch: 64000, Adaptive data loss: 0.0000, Adaptive ODE loss: 727.8545, Adaptive parameter loss: 0.0000
Si: 0.00001, tau1: 48.44975, tau2: 48.58205, Ci: 18.16797, p2: 0.00002, GEZI: -0.01383, EGP0: 1.70834, Vg: 300.01767, taum: 51.87206, tausc: 7.53198
Test Error: 1.01
Epoch: 66000, Data loss: 46145.3164, ODE loss: 1548.6534, Parameter loss: 1.3206
Epoch: 66000, Adaptive data loss: 0.0000, Adaptive ODE loss: 2.2806, Adaptive parameter loss: 1.3187
Si: 0.00084, tau1: 48.57802, tau2: 48.78043, Ci: 18.16856, p2: 0.00002, GEZI: -0.01322, EGP0: 1.69254, Vg: 300.01767, taum: 52.03361, tausc: 7.72744
Test Error: 1.01
Epoch: 68000, Data loss: 37080.7578, ODE loss: 141.1284, Parameter loss: 1.4766
Epoch: 68000, Adaptive data loss: 0.0000, Adaptive ODE loss: 140.6593, Adaptive parameter loss: 0.0049
Si: 0.00079, tau1: 48.63599, tau2: 48.84497, Ci: 18.16751, p2: -0.00000, GEZI: -0.01484, EGP0: 1.67813, Vg: 300.01767, taum: 52.11839, tausc: 7.83531
Test Error: 1.01
Epoch: 70000, Data loss: 17213.2617, ODE loss: 39.2793, Parameter loss: 1.4116
Epoch: 70000, Adaptive data loss: 17213.2617, Adaptive ODE loss: 0.0000, Adaptive parameter loss: 0.0000
Si: 0.00063, tau1: 48.69984, tau2: 48.91167, Ci: 18.16882, p2: 0.00000, GEZI: -0.01412, EGP0: 1.66713, Vg: 300.01767, taum: 52.19813, tausc: 7.91704
Test Error: 1.01
Epoch: 72000, Data loss: 17214.5801, ODE loss: 378.2136, Parameter loss: 1.3910
Epoch: 72000, Adaptive data loss: 0.0000, Adaptive ODE loss: 378.2068, Adaptive parameter loss: 0.0000
Si: 0.00042, tau1: 48.76312, tau2: 48.99846, Ci: 18.16951, p2: 0.00000, GEZI: -0.01387, EGP0: 1.66002, Vg: 300.01767, taum: 52.32034, tausc: 7.96716
Test Error: 1.01
Epoch: 74000, Data loss: 17016.2461, ODE loss: 20.5844, Parameter loss: 1.3853
Epoch: 74000, Adaptive data loss: 0.0000, Adaptive ODE loss: 19.1139, Adaptive parameter loss: 0.0990
Si: 0.00007, tau1: 48.82244, tau2: 49.14513, Ci: 18.16976, p2: 0.00003, GEZI: -0.01382, EGP0: 1.64944, Vg: 300.01767, taum: 52.43882, tausc: 8.09238
Test Error: 1.01
Epoch: 76000, Data loss: 17406.4688, ODE loss: 12.4716, Parameter loss: 1.3771
Epoch: 76000, Adaptive data loss: 0.0000, Adaptive ODE loss: 11.1313, Adaptive parameter loss: 0.1480
Si: 0.00005, tau1: 48.87465, tau2: 49.28665, Ci: 18.17023, p2: 0.00000, GEZI: -0.01373, EGP0: 1.63846, Vg: 300.01767, taum: 52.58029, tausc: 8.27176
Test Error: 1.01
Epoch: 78000, Data loss: 9319.5908, ODE loss: 16.1087, Parameter loss: 1.3714
Epoch: 78000, Adaptive data loss: 9319.5908, Adaptive ODE loss: 0.0000, Adaptive parameter loss: 0.0000
Si: 0.00005, tau1: 48.94299, tau2: 49.41096, Ci: 18.17030, p2: 0.00000, GEZI: -0.01371, EGP0: 1.62361, Vg: 300.01767, taum: 52.73067, tausc: 8.43916
Test Error: 1.01
Epoch: 80000, Data loss: 80.9671, ODE loss: 11.1167, Parameter loss: 1.3862
Epoch: 80000, Adaptive data loss: 55.1316, Adaptive ODE loss: 3.1362, Adaptive parameter loss: 0.0513
Si: 0.00005, tau1: 49.01027, tau2: 49.49305, Ci: 18.17032, p2: 0.00000, GEZI: -0.01386, EGP0: 1.61105, Vg: 300.01767, taum: 52.82788, tausc: 8.50390
Test Error: 1.01
Epoch: 82000, Data loss: 149978.0625, ODE loss: 303.3027, Parameter loss: 0.9646
Epoch: 82000, Adaptive data loss: 0.0000, Adaptive ODE loss: 301.4118, Adaptive parameter loss: 0.0060
Si: 0.00000, tau1: 49.05267, tau2: 49.55286, Ci: 18.17125, p2: 0.00004, GEZI: -0.00948, EGP0: 1.60154, Vg: 300.01767, taum: 52.91589, tausc: 8.60742
Test Error: 1.01
Epoch: 84000, Data loss: 44393.6523, ODE loss: 390.9879, Parameter loss: 1.3148
Epoch: 84000, Adaptive data loss: 44393.6523, Adaptive ODE loss: 0.0000, Adaptive parameter loss: 0.0000
Si: 0.00000, tau1: 49.10262, tau2: 49.63204, Ci: 18.17388, p2: 0.00004, GEZI: -0.01313, EGP0: 1.58051, Vg: 300.01767, taum: 53.01674, tausc: 8.69809
Test Error: 1.01
Epoch: 86000, Data loss: 4879684.0000, ODE loss: 666.2014, Parameter loss: 1.0627
Epoch: 86000, Adaptive data loss: 4879684.0000, Adaptive ODE loss: 0.0000, Adaptive parameter loss: 0.0000
Si: 0.00000, tau1: 49.21956, tau2: 49.75937, Ci: 18.17533, p2: 0.00004, GEZI: -0.01067, EGP0: 1.57458, Vg: 300.01767, taum: 53.11052, tausc: 8.72546
Test Error: 1.01
Epoch: 88000, Data loss: 17425.9785, ODE loss: 40.1392, Parameter loss: 1.2620
Epoch: 88000, Adaptive data loss: 0.0000, Adaptive ODE loss: 38.7691, Adaptive parameter loss: 0.0431
Si: 0.00000, tau1: 49.25092, tau2: 49.76727, Ci: 18.17721, p2: 0.00004, GEZI: -0.01258, EGP0: 1.56172, Vg: 300.01767, taum: 53.18915, tausc: 8.79373
Test Error: 1.01
Epoch: 90000, Data loss: 18934.7617, ODE loss: 246.7844, Parameter loss: 1.2464
Epoch: 90000, Adaptive data loss: 0.0000, Adaptive ODE loss: 246.7546, Adaptive parameter loss: 0.0002
Si: 0.00000, tau1: 49.28675, tau2: 49.82970, Ci: 18.17720, p2: 0.00004, GEZI: -0.01242, EGP0: 1.54725, Vg: 300.01767, taum: 53.31108, tausc: 8.93100
Test Error: 1.01
Epoch: 92000, Data loss: 16739.7656, ODE loss: 43.8645, Parameter loss: 1.2374
Epoch: 92000, Adaptive data loss: 0.0000, Adaptive ODE loss: 41.6880, Adaptive parameter loss: 0.0614
Si: 0.00000, tau1: 49.39059, tau2: 49.93650, Ci: 18.17840, p2: 0.00004, GEZI: -0.01233, EGP0: 1.53280, Vg: 300.01767, taum: 53.46307, tausc: 9.10567
Test Error: 1.01
Epoch: 94000, Data loss: 17076.7383, ODE loss: 50.1219, Parameter loss: 1.2141
Epoch: 94000, Adaptive data loss: 0.0000, Adaptive ODE loss: 48.7294, Adaptive parameter loss: 0.0337
Si: 0.00000, tau1: 49.42364, tau2: 50.07920, Ci: 18.17856, p2: 0.00004, GEZI: -0.01209, EGP0: 1.51962, Vg: 300.01767, taum: 53.56137, tausc: 9.27080
Test Error: 1.01
Epoch: 96000, Data loss: 16889.1289, ODE loss: 11.5203, Parameter loss: 1.2435
Epoch: 96000, Adaptive data loss: 0.0000, Adaptive ODE loss: 10.2613, Adaptive parameter loss: 0.1359
Si: 0.00000, tau1: 49.48800, tau2: 50.16572, Ci: 18.17889, p2: 0.00004, GEZI: -0.01241, EGP0: 1.50461, Vg: 300.01767, taum: 53.66732, tausc: 9.44154
Test Error: 1.01
Epoch: 98000, Data loss: 16728.1504, ODE loss: 118.0567, Parameter loss: 1.2769
Epoch: 98000, Adaptive data loss: 0.0000, Adaptive ODE loss: 117.4995, Adaptive parameter loss: 0.0060
Si: -0.00074, tau1: 49.53040, tau2: 50.26061, Ci: 18.17906, p2: 0.00000, GEZI: -0.01199, EGP0: 1.49153, Vg: 300.01767, taum: 53.72583, tausc: 9.59749
Test Error: 1.01
Epoch: 0, Data loss: 139602624.0000, ODE loss: 8429410.0000, Parameter loss: -0.0000
Epoch: 0, Adaptive data loss: 139602624.0000, Adaptive ODE loss: 8429410.0000, Adaptive parameter loss: -0.0000
Si: 0.00980, tau1: 47.00020, tau2: 47.00020, Ci: 18.00020, p2: 0.00030, GEZI: 0.00030, EGP0: 1.99980, Vg: 300.00021, taum: 50.00020, tausc: 6.00020
Test Error: 0.99
Epoch: 2000, Data loss: 17680.6562, ODE loss: 2415006.7500, Parameter loss: 2.0836
Epoch: 2000, Adaptive data loss: 16864.6568, Adaptive ODE loss: 111112.2329, Adaptive parameter loss: 0.0003
Si: 0.00525, tau1: 47.06298, tau2: 47.02276, Ci: 18.07282, p2: 0.00006, GEZI: -0.02084, EGP0: 1.97142, Vg: 300.01950, taum: 50.02970, tausc: 6.01572
Test Error: 1.00
Epoch: 4000, Data loss: 16837.9551, ODE loss: 1774932.5000, Parameter loss: 2.0503
Epoch: 4000, Adaptive data loss: 16836.0151, Adaptive ODE loss: 0.4000, Adaptive parameter loss: 0.0002
Si: 0.00526, tau1: 47.06826, tau2: 47.02276, Ci: 18.08287, p2: 0.00007, GEZI: -0.02050, EGP0: 1.97176, Vg: 300.01950, taum: 50.02974, tausc: 6.01574
Test Error: 1.00
Epoch: 6000, Data loss: 16756.1680, ODE loss: 999804.5625, Parameter loss: 1.9932
Epoch: 6000, Adaptive data loss: 16607.3603, Adaptive ODE loss: 8756.9094, Adaptive parameter loss: 0.0002
Si: 0.00528, tau1: 47.07452, tau2: 47.02276, Ci: 18.09692, p2: 0.00008, GEZI: -0.01993, EGP0: 1.97238, Vg: 300.01950, taum: 50.02989, tausc: 6.01578
Test Error: 1.00
Epoch: 8000, Data loss: 18860.3945, ODE loss: 14902.9355, Parameter loss: 1.9283
Epoch: 8000, Adaptive data loss: 10086.0109, Adaptive ODE loss: 6931.5159, Adaptive parameter loss: 0.0002
Si: 0.00536, tau1: 47.10295, tau2: 47.01998, Ci: 18.14458, p2: 0.00000, GEZI: -0.01929, EGP0: 1.97087, Vg: 300.02753, taum: 50.02830, tausc: 6.01631
Test Error: 1.01
Epoch: 10000, Data loss: 16866.5898, ODE loss: 1228.6138, Parameter loss: 2.2643
Epoch: 10000, Adaptive data loss: 15895.0402, Adaptive ODE loss: 70.6090, Adaptive parameter loss: 0.0003
Si: 0.00536, tau1: 47.11360, tau2: 47.01442, Ci: 18.14682, p2: -0.00000, GEZI: -0.02264, EGP0: 1.96578, Vg: 300.02753, taum: 50.13956, tausc: 6.01607
Test Error: 1.01
Epoch: 12000, Data loss: 16663.0898, ODE loss: 245.2417, Parameter loss: 2.1998
Epoch: 12000, Adaptive data loss: 16436.8883, Adaptive ODE loss: 3.2994, Adaptive parameter loss: 0.0003
Si: 0.00536, tau1: 47.11360, tau2: 47.01442, Ci: 18.14682, p2: -0.00000, GEZI: -0.02200, EGP0: 1.96582, Vg: 300.02753, taum: 50.14595, tausc: 6.01512
Test Error: 1.01
Epoch: 14000, Data loss: 16683.9707, ODE loss: 209.4201, Parameter loss: 2.1011
Epoch: 14000, Adaptive data loss: 16482.6147, Adaptive ODE loss: 2.5023, Adaptive parameter loss: 0.0003
Si: 0.00349, tau1: 47.11047, tau2: 47.03350, Ci: 18.14592, p2: -0.00008, GEZI: -0.02093, EGP0: 1.96041, Vg: 300.03906, taum: 50.15788, tausc: 6.01565
Test Error: 1.01
Epoch: 16000, Data loss: 16937.9414, ODE loss: 222.2093, Parameter loss: 2.0551
Epoch: 16000, Adaptive data loss: 0.0000, Adaptive ODE loss: 220.7786, Adaptive parameter loss: 0.0132
Si: 0.00407, tau1: 47.09148, tau2: 47.05331, Ci: 18.15100, p2: 0.00014, GEZI: -0.02056, EGP0: 1.95450, Vg: 300.05847, taum: 50.14738, tausc: 6.09466
Test Error: 1.01
Epoch: 18000, Data loss: 17271.9609, ODE loss: 117.2447, Parameter loss: 1.9166
Epoch: 18000, Adaptive data loss: 0.0000, Adaptive ODE loss: 115.6276, Adaptive parameter loss: 0.0264
Si: 0.00394, tau1: 47.04533, tau2: 47.08736, Ci: 18.15534, p2: 0.00001, GEZI: -0.01920, EGP0: 1.94949, Vg: 300.05728, taum: 50.12880, tausc: 6.14290
Test Error: 1.01
Epoch: 20000, Data loss: 17310.9082, ODE loss: 37.0289, Parameter loss: 1.8549
Epoch: 20000, Adaptive data loss: 0.0000, Adaptive ODE loss: 34.8576, Adaptive parameter loss: 0.1088
Si: 0.00319, tau1: 46.98978, tau2: 47.20580, Ci: 18.15751, p2: 0.00001, GEZI: -0.01858, EGP0: 1.94290, Vg: 300.04810, taum: 50.10216, tausc: 6.23442
Test Error: 1.01
Epoch: 22000, Data loss: 17269.0723, ODE loss: 14.8876, Parameter loss: 2.1997
Epoch: 22000, Adaptive data loss: 0.0000, Adaptive ODE loss: 12.9001, Adaptive parameter loss: 0.2937
Si: 0.00385, tau1: 46.95010, tau2: 47.31234, Ci: 18.15816, p2: 0.00002, GEZI: -0.02202, EGP0: 1.93281, Vg: 300.06461, taum: 50.07812, tausc: 6.40915
Test Error: 1.01
Epoch: 24000, Data loss: 17281.7090, ODE loss: 18.9757, Parameter loss: 1.9947
Epoch: 24000, Adaptive data loss: 0.0000, Adaptive ODE loss: 17.0937, Adaptive parameter loss: 0.1978
Si: 0.00386, tau1: 46.96350, tau2: 47.43661, Ci: 18.15919, p2: 0.00003, GEZI: -0.01998, EGP0: 1.92748, Vg: 300.06781, taum: 50.08220, tausc: 6.63291
Test Error: 1.01
Epoch: 26000, Data loss: 22676.5977, ODE loss: 35.9207, Parameter loss: 1.8575
Epoch: 26000, Adaptive data loss: 0.0000, Adaptive ODE loss: 33.4963, Adaptive parameter loss: 0.1254
Si: 0.00046, tau1: 47.01670, tau2: 47.58578, Ci: 18.16254, p2: 0.00003, GEZI: -0.01852, EGP0: 1.92098, Vg: 300.08386, taum: 50.06720, tausc: 6.85465
Test Error: 1.01
Epoch: 28000, Data loss: 54828.5117, ODE loss: 6.0548, Parameter loss: 1.7925
Epoch: 28000, Adaptive data loss: 54828.5117, Adaptive ODE loss: 0.0000, Adaptive parameter loss: 0.0000
Si: 0.00039, tau1: 47.02594, tau2: 47.72017, Ci: 18.16284, p2: 0.00000, GEZI: -0.01781, EGP0: 1.91322, Vg: 300.08978, taum: 50.07279, tausc: 6.90642
Test Error: 1.01
Epoch: 30000, Data loss: 17495.9336, ODE loss: 2.8909, Parameter loss: 1.8094
Epoch: 30000, Adaptive data loss: 17495.9336, Adaptive ODE loss: 0.0000, Adaptive parameter loss: 0.0000
Si: 0.00125, tau1: 47.05238, tau2: 47.82745, Ci: 18.16372, p2: 0.00000, GEZI: -0.01810, EGP0: 1.90170, Vg: 300.10724, taum: 50.07203, tausc: 7.02192
Test Error: 1.01
Epoch: 32000, Data loss: 27312.2012, ODE loss: 3.3050, Parameter loss: 1.7172
Epoch: 32000, Adaptive data loss: 27312.2012, Adaptive ODE loss: 0.0000, Adaptive parameter loss: 0.0000
Si: 0.00118, tau1: 47.06887, tau2: 47.90199, Ci: 18.16376, p2: 0.00002, GEZI: -0.01715, EGP0: 1.89531, Vg: 300.11670, taum: 50.07653, tausc: 7.11944
Test Error: 1.01
Epoch: 34000, Data loss: 56533.7031, ODE loss: 6.2270, Parameter loss: 1.6540
Epoch: 34000, Adaptive data loss: 56533.7031, Adaptive ODE loss: 0.0000, Adaptive parameter loss: 0.0000
Si: 0.00043, tau1: 47.10349, tau2: 47.94043, Ci: 18.16492, p2: 0.00001, GEZI: -0.01658, EGP0: 1.88131, Vg: 300.12970, taum: 50.06435, tausc: 7.17394
Test Error: 1.01
Epoch: 36000, Data loss: 16164.3252, ODE loss: 4.3410, Parameter loss: 1.6785
Epoch: 36000, Adaptive data loss: 16136.3717, Adaptive ODE loss: 0.0053, Adaptive parameter loss: 0.0009
Si: 0.00007, tau1: 47.13000, tau2: 48.01234, Ci: 18.16539, p2: 0.00027, GEZI: -0.01678, EGP0: 1.86722, Vg: 300.13611, taum: 50.06053, tausc: 7.23405
Test Error: 1.01
Epoch: 38000, Data loss: 21995.7266, ODE loss: 3147.1233, Parameter loss: 1.6389
Epoch: 38000, Adaptive data loss: 0.0000, Adaptive ODE loss: 3147.1233, Adaptive parameter loss: 0.0000
Si: 0.00006, tau1: 47.14871, tau2: 48.08039, Ci: 18.16577, p2: 0.00004, GEZI: -0.01639, EGP0: 1.84806, Vg: 300.15872, taum: 50.06627, tausc: 7.31437
Test Error: 1.01
Epoch: 40000, Data loss: 31962.0840, ODE loss: 48.8255, Parameter loss: 1.6076
Epoch: 40000, Adaptive data loss: 0.0000, Adaptive ODE loss: 47.7555, Adaptive parameter loss: 0.0352
Si: 0.00004, tau1: 47.16420, tau2: 48.11256, Ci: 18.16638, p2: 0.00003, GEZI: -0.01611, EGP0: 1.83912, Vg: 300.19958, taum: 50.05647, tausc: 7.35468
Test Error: 1.01
Epoch: 42000, Data loss: 38992.7031, ODE loss: 4.5807, Parameter loss: 1.6166
Epoch: 42000, Adaptive data loss: 38992.7031, Adaptive ODE loss: 0.0000, Adaptive parameter loss: 0.0000
Si: 0.00004, tau1: 47.19419, tau2: 48.18521, Ci: 18.16871, p2: 0.00003, GEZI: -0.01612, EGP0: 1.82545, Vg: 300.23148, taum: 50.05031, tausc: 7.42119
Test Error: 1.01
Epoch: 44000, Data loss: 38637.8281, ODE loss: 1.7338, Parameter loss: 1.5974
Epoch: 44000, Adaptive data loss: 38637.8281, Adaptive ODE loss: 0.0000, Adaptive parameter loss: 0.0000
Si: 0.00004, tau1: 47.20077, tau2: 48.24036, Ci: 18.16825, p2: 0.00003, GEZI: -0.01594, EGP0: 1.80982, Vg: 300.25092, taum: 50.05163, tausc: 7.49412
Test Error: 1.01
Epoch: 46000, Data loss: 30688.1445, ODE loss: 0.9969, Parameter loss: 1.5951
Epoch: 46000, Adaptive data loss: 30688.1445, Adaptive ODE loss: 0.0000, Adaptive parameter loss: 0.0000
Si: 0.00003, tau1: 47.22212, tau2: 48.26762, Ci: 18.16921, p2: 0.00004, GEZI: -0.01594, EGP0: 1.79363, Vg: 300.26208, taum: 50.04364, tausc: 7.59463
Test Error: 1.01
Epoch: 48000, Data loss: 36900.1875, ODE loss: 1.9759, Parameter loss: 1.6243
Epoch: 48000, Adaptive data loss: 36900.1875, Adaptive ODE loss: 0.0000, Adaptive parameter loss: 0.0000
Si: -0.00066, tau1: 47.24744, tau2: 48.32784, Ci: 18.16990, p2: 0.00001, GEZI: -0.01554, EGP0: 1.77175, Vg: 300.28543, taum: 50.03848, tausc: 7.65268
Test Error: 1.01
Epoch: 50000, Data loss: 37581.5273, ODE loss: 1.2274, Parameter loss: 1.5346
Epoch: 50000, Adaptive data loss: 37581.5273, Adaptive ODE loss: 0.0000, Adaptive parameter loss: 0.0000
Si: 0.00006, tau1: 47.25278, tau2: 48.32784, Ci: 18.16992, p2: 0.00000, GEZI: -0.01531, EGP0: 1.74743, Vg: 300.32874, taum: 50.03875, tausc: 7.69497
Test Error: 1.01
Epoch: 52000, Data loss: 71837.9062, ODE loss: 2.5111, Parameter loss: 1.5224
Epoch: 52000, Adaptive data loss: 71837.9062, Adaptive ODE loss: 0.0000, Adaptive parameter loss: 0.0000
Si: 0.00006, tau1: 47.28213, tau2: 48.37639, Ci: 18.16998, p2: 0.00000, GEZI: -0.01528, EGP0: 1.73190, Vg: 300.42230, taum: 50.03228, tausc: 7.77983
Test Error: 1.01
Epoch: 54000, Data loss: 52407.8984, ODE loss: 1.9371, Parameter loss: 1.5198
Epoch: 54000, Adaptive data loss: 52407.8984, Adaptive ODE loss: 0.0000, Adaptive parameter loss: 0.0000
Si: 0.00001, tau1: 47.33875, tau2: 48.43977, Ci: 18.17346, p2: 0.00009, GEZI: -0.01516, EGP0: 1.72038, Vg: 300.39185, taum: 50.01780, tausc: 7.83804
Test Error: 1.01
Epoch: 56000, Data loss: 39103.8164, ODE loss: 2.6364, Parameter loss: 1.4960
Epoch: 56000, Adaptive data loss: 39103.8164, Adaptive ODE loss: 0.0000, Adaptive parameter loss: 0.0000
Si: 0.00001, tau1: 47.34655, tau2: 48.44994, Ci: 18.17399, p2: 0.00009, GEZI: -0.01491, EGP0: 1.70147, Vg: 300.43555, taum: 50.00770, tausc: 7.89088
Test Error: 1.01
Epoch: 58000, Data loss: 46802.2578, ODE loss: 2.2503, Parameter loss: 1.4817
Epoch: 58000, Adaptive data loss: 46802.2578, Adaptive ODE loss: 0.0000, Adaptive parameter loss: 0.0000
Si: 0.00001, tau1: 47.37522, tau2: 48.47935, Ci: 18.17590, p2: 0.00009, GEZI: -0.01477, EGP0: 1.68203, Vg: 300.50305, taum: 49.98945, tausc: 7.96496
Test Error: 1.01
Epoch: 60000, Data loss: 16549.9844, ODE loss: 3.7586, Parameter loss: 1.4678
Epoch: 60000, Adaptive data loss: 16543.1494, Adaptive ODE loss: 0.0011, Adaptive parameter loss: 0.0002
Si: 0.00000, tau1: 47.39402, tau2: 48.52222, Ci: 18.17603, p2: 0.00008, GEZI: -0.01468, EGP0: 1.65853, Vg: 300.53503, taum: 49.98188, tausc: 8.03287
Test Error: 1.01
Epoch: 62000, Data loss: 17386.6113, ODE loss: 3.7906, Parameter loss: 1.4336
Epoch: 62000, Adaptive data loss: 17386.5984, Adaptive ODE loss: 0.0000, Adaptive parameter loss: 0.0000
Si: 0.00004, tau1: 47.42820, tau2: 48.57180, Ci: 18.17703, p2: 0.00014, GEZI: -0.01434, EGP0: 1.64992, Vg: 300.64597, taum: 49.98817, tausc: 8.13089
Test Error: 1.01
Epoch: 64000, Data loss: 19959.4355, ODE loss: 0.7001, Parameter loss: 1.4739
Epoch: 64000, Adaptive data loss: 8.5605, Adaptive ODE loss: 0.3760, Adaptive parameter loss: 0.6816
Si: 0.00002, tau1: 47.46004, tau2: 48.59338, Ci: 18.17818, p2: 0.00014, GEZI: -0.01469, EGP0: 1.63628, Vg: 300.70087, taum: 49.96767, tausc: 8.16737
Test Error: 1.01
Epoch: 66000, Data loss: 20927.2402, ODE loss: 0.5233, Parameter loss: 1.4450
Epoch: 66000, Adaptive data loss: 0.0000, Adaptive ODE loss: 0.2476, Adaptive parameter loss: 0.7612
Si: 0.00001, tau1: 47.46596, tau2: 48.63391, Ci: 18.17853, p2: 0.00013, GEZI: -0.01448, EGP0: 1.62420, Vg: 300.72162, taum: 49.96919, tausc: 8.25385
Test Error: 1.01
Epoch: 68000, Data loss: 32729.9941, ODE loss: 2.3364, Parameter loss: 1.4113
Epoch: 68000, Adaptive data loss: 32729.9941, Adaptive ODE loss: 0.0000, Adaptive parameter loss: 0.0000
Si: 0.00001, tau1: 47.50803, tau2: 48.68061, Ci: 18.17962, p2: 0.00170, GEZI: -0.01413, EGP0: 1.61123, Vg: 300.68341, taum: 49.96303, tausc: 8.32410
Test Error: 1.01
Epoch: 70000, Data loss: 37161.2578, ODE loss: 2.9250, Parameter loss: 1.3825
Epoch: 70000, Adaptive data loss: 37161.2578, Adaptive ODE loss: 0.0000, Adaptive parameter loss: 0.0000
Si: 0.00001, tau1: 47.52793, tau2: 48.69296, Ci: 18.18116, p2: 0.00136, GEZI: -0.01387, EGP0: 1.59610, Vg: 300.68677, taum: 49.95102, tausc: 8.38167
Test Error: 1.01
Epoch: 72000, Data loss: 36199.0117, ODE loss: 3.5153, Parameter loss: 1.3678
Epoch: 72000, Adaptive data loss: 36199.0117, Adaptive ODE loss: 0.0000, Adaptive parameter loss: 0.0000
Si: 0.00018, tau1: 47.54324, tau2: 48.74807, Ci: 18.18148, p2: 0.00000, GEZI: -0.01373, EGP0: 1.58134, Vg: 300.71790, taum: 49.94991, tausc: 8.46661
Test Error: 1.01
Epoch: 74000, Data loss: 38170.7227, ODE loss: 2.4619, Parameter loss: 1.3593
Epoch: 74000, Adaptive data loss: 38170.7227, Adaptive ODE loss: 0.0000, Adaptive parameter loss: 0.0000
Si: 0.00018, tau1: 47.57354, tau2: 48.81044, Ci: 18.18293, p2: 0.00000, GEZI: -0.01362, EGP0: 1.56654, Vg: 300.73038, taum: 49.93307, tausc: 8.56137
Test Error: 1.01
Epoch: 76000, Data loss: 17005.6953, ODE loss: 581.2390, Parameter loss: 1.3280
Epoch: 76000, Adaptive data loss: 0.0000, Adaptive ODE loss: 581.2283, Adaptive parameter loss: 0.0000
Si: 0.00018, tau1: 47.59774, tau2: 48.88639, Ci: 18.18464, p2: 0.00000, GEZI: -0.01324, EGP0: 1.54816, Vg: 300.81763, taum: 49.92963, tausc: 8.68554
Test Error: 1.01
Epoch: 78000, Data loss: 16564.5254, ODE loss: 4.7481, Parameter loss: 1.4105
Epoch: 78000, Adaptive data loss: 16558.2875, Adaptive ODE loss: 0.0014, Adaptive parameter loss: 0.0001
Si: -0.00067, tau1: 47.60905, tau2: 48.99228, Ci: 18.18491, p2: 0.00001, GEZI: -0.01344, EGP0: 1.53556, Vg: 300.82895, taum: 49.93469, tausc: 8.75988
Test Error: 1.01
Epoch: 80000, Data loss: 24938.1543, ODE loss: 105.7998, Parameter loss: 1.5213
Epoch: 80000, Adaptive data loss: 0.0000, Adaptive ODE loss: 104.8598, Adaptive parameter loss: 0.0135
Si: 0.00009, tau1: 47.61076, tau2: 49.00655, Ci: 18.18540, p2: 0.00007, GEZI: -0.01509, EGP0: 1.53286, Vg: 300.82007, taum: 49.93440, tausc: 8.77649
Test Error: 1.01
Epoch: 82000, Data loss: 122501.1250, ODE loss: 2.1703, Parameter loss: 1.3304
Epoch: 82000, Adaptive data loss: 122501.1250, Adaptive ODE loss: 0.0000, Adaptive parameter loss: 0.0000
Si: 0.00032, tau1: 47.67506, tau2: 49.07622, Ci: 18.19036, p2: 0.00000, GEZI: -0.01337, EGP0: 1.52578, Vg: 300.85135, taum: 49.93343, tausc: 8.87495
Test Error: 1.01
Epoch: 84000, Data loss: 22193.3906, ODE loss: 1401.3290, Parameter loss: 1.4008
Epoch: 84000, Adaptive data loss: 0.0000, Adaptive ODE loss: 0.0000, Adaptive parameter loss: 1.4008
Si: 0.00015, tau1: 47.72722, tau2: 49.13955, Ci: 18.19536, p2: 0.00000, GEZI: -0.01410, EGP0: 1.51826, Vg: 300.89447, taum: 49.92736, tausc: 8.91098
Test Error: 1.01
Epoch: 86000, Data loss: 16573.1016, ODE loss: 29.6319, Parameter loss: 1.3068
Epoch: 86000, Adaptive data loss: 16553.5173, Adaptive ODE loss: 0.0335, Adaptive parameter loss: 0.0001
Si: 0.00015, tau1: 47.77380, tau2: 49.18885, Ci: 18.19085, p2: 0.00000, GEZI: -0.01307, EGP0: 1.51211, Vg: 300.98792, taum: 49.92907, tausc: 9.01363
Test Error: 1.01
Epoch: 88000, Data loss: 17015.4766, ODE loss: 4.7263, Parameter loss: 1.3209
Epoch: 88000, Adaptive data loss: 0.0000, Adaptive ODE loss: 3.5500, Adaptive parameter loss: 0.3288
Si: 0.00015, tau1: 47.77761, tau2: 49.20111, Ci: 18.19155, p2: 0.00000, GEZI: -0.01323, EGP0: 1.50514, Vg: 301.01126, taum: 49.92887, tausc: 9.03329
Test Error: 1.01
Epoch: 90000, Data loss: 17774.4062, ODE loss: 3.3550, Parameter loss: 1.3928
Epoch: 90000, Adaptive data loss: 0.0000, Adaptive ODE loss: 2.3987, Adaptive parameter loss: 0.3970
Si: 0.00015, tau1: 47.82188, tau2: 49.25815, Ci: 18.19416, p2: 0.00000, GEZI: -0.01396, EGP0: 1.49468, Vg: 300.99780, taum: 49.92471, tausc: 9.14545
Test Error: 1.01
Epoch: 92000, Data loss: 17369.7656, ODE loss: 157.0505, Parameter loss: 1.2869
Epoch: 92000, Adaptive data loss: 0.0000, Adaptive ODE loss: 156.8158, Adaptive parameter loss: 0.0019
Si: 0.00002, tau1: 47.83892, tau2: 49.32661, Ci: 18.19478, p2: 0.00014, GEZI: -0.01292, EGP0: 1.48405, Vg: 300.99603, taum: 49.92471, tausc: 9.21557
Test Error: 1.01
Epoch: 94000, Data loss: 17301.4375, ODE loss: 1.2998, Parameter loss: 1.2706
Epoch: 94000, Adaptive data loss: 0.0000, Adaptive ODE loss: 0.7189, Adaptive parameter loss: 0.5678
Si: 0.00002, tau1: 47.86579, tau2: 49.35738, Ci: 18.19636, p2: 0.00014, GEZI: -0.01273, EGP0: 1.47133, Vg: 301.16956, taum: 49.90489, tausc: 9.29484
Test Error: 1.01
Epoch: 96000, Data loss: 17080.0273, ODE loss: 17.7564, Parameter loss: 1.3083
Epoch: 96000, Adaptive data loss: 0.0000, Adaptive ODE loss: 14.0545, Adaptive parameter loss: 0.2727
Si: 0.00002, tau1: 47.92204, tau2: 49.44112, Ci: 18.19626, p2: 0.00013, GEZI: -0.01312, EGP0: 1.46069, Vg: 301.13681, taum: 49.89425, tausc: 9.43198
Test Error: 1.01
Epoch: 98000, Data loss: 17213.9180, ODE loss: 57.9990, Parameter loss: 1.2406
Epoch: 98000, Adaptive data loss: 0.0000, Adaptive ODE loss: 33.7001, Adaptive parameter loss: 0.5198
Si: 0.00008, tau1: 47.96641, tau2: 49.52032, Ci: 18.19783, p2: 0.00005, GEZI: -0.01243, EGP0: 1.45189, Vg: 301.19370, taum: 49.88644, tausc: 9.59268
Test Error: 1.01
Epoch: 0, Data loss: 8099857.0000, ODE loss: 8226814.5000, Parameter loss: -0.0000
Epoch: 0, Adaptive data loss: 8099857.0000, Adaptive ODE loss: 8226814.5000, Adaptive parameter loss: -0.0000
Si: 0.00980, tau1: 47.00020, tau2: 47.00020, Ci: 18.00020, p2: 0.00030, GEZI: 0.00030, EGP0: 1.99980, Vg: 300.00021, taum: 50.00020, tausc: 6.00020
